{"/home/jeremy/projects/the-bell/web/src/App.tsx": {"path":"/home/jeremy/projects/the-bell/web/src/App.tsx","statementMap":{"0":{"start":{"line":6,"column":6},"end":{"line":6,"column":null}},"1":{"start":{"line":9,"column":2},"end":{"line":14,"column":null}}},"fnMap":{"0":{"name":"App","decl":{"start":{"line":8,"column":24},"end":{"line":8,"column":30}},"loc":{"start":{"line":8,"column":30},"end":{"line":16,"column":null}},"line":8}},"branchMap":{},"s":{"0":0,"1":0},"f":{"0":0},"b":{},"meta":{"lastBranch":0,"lastFunction":1,"lastStatement":2,"seen":{"s:6:6:6:Infinity":0,"f:8:24:8:30":0,"s:9:2:14:Infinity":1},"fnNames":{}}}
,"/home/jeremy/projects/the-bell/web/src/routes.tsx": {"path":"/home/jeremy/projects/the-bell/web/src/routes.tsx","statementMap":{"0":{"start":{"line":18,"column":37},"end":{"line":50,"column":null}}},"fnMap":{},"branchMap":{},"s":{"0":0},"f":{},"b":{},"meta":{"lastBranch":0,"lastFunction":0,"lastStatement":1,"seen":{"s:18:37:50:Infinity":0},"fnNames":{}}}
,"/home/jeremy/projects/the-bell/web/src/api/client.ts": {"path":"/home/jeremy/projects/the-bell/web/src/api/client.ts","statementMap":{"0":{"start":{"line":7,"column":4},"end":{"line":7,"column":null}},"1":{"start":{"line":11,"column":16},"end":{"line":11,"column":null}},"2":{"start":{"line":12,"column":16},"end":{"line":19,"column":null}},"3":{"start":{"line":21,"column":4},"end":{"line":24,"column":null}},"4":{"start":{"line":22,"column":19},"end":{"line":22,"column":null}},"5":{"start":{"line":22,"column":49},"end":{"line":22,"column":75}},"6":{"start":{"line":23,"column":6},"end":{"line":23,"column":null}},"7":{"start":{"line":26,"column":4},"end":{"line":26,"column":null}},"8":{"start":{"line":26,"column":28},"end":{"line":26,"column":null}},"9":{"start":{"line":27,"column":4},"end":{"line":27,"column":null}},"10":{"start":{"line":31,"column":4},"end":{"line":31,"column":null}},"11":{"start":{"line":35,"column":4},"end":{"line":38,"column":null}},"12":{"start":{"line":42,"column":4},"end":{"line":45,"column":null}},"13":{"start":{"line":49,"column":4},"end":{"line":52,"column":null}},"14":{"start":{"line":56,"column":4},"end":{"line":56,"column":null}},"15":{"start":{"line":60,"column":16},"end":{"line":64,"column":null}},"16":{"start":{"line":65,"column":4},"end":{"line":68,"column":null}},"17":{"start":{"line":66,"column":19},"end":{"line":66,"column":null}},"18":{"start":{"line":66,"column":49},"end":{"line":66,"column":52}},"19":{"start":{"line":67,"column":6},"end":{"line":67,"column":null}},"20":{"start":{"line":69,"column":4},"end":{"line":69,"column":null}},"21":{"start":{"line":69,"column":28},"end":{"line":69,"column":null}},"22":{"start":{"line":70,"column":4},"end":{"line":70,"column":null}},"23":{"start":{"line":74,"column":19},"end":{"line":74,"column":null}},"24":{"start":{"line":77,"column":23},"end":{"line":79,"column":null}},"25":{"start":{"line":78,"column":15},"end":{"line":78,"column":null}},"26":{"start":{"line":81,"column":29},"end":{"line":98,"column":null}},"27":{"start":{"line":83,"column":4},"end":{"line":85,"column":null}},"28":{"start":{"line":87,"column":4},"end":{"line":89,"column":null}},"29":{"start":{"line":91,"column":4},"end":{"line":91,"column":null}},"30":{"start":{"line":93,"column":4},"end":{"line":95,"column":null}},"31":{"start":{"line":97,"column":4},"end":{"line":97,"column":null}},"32":{"start":{"line":100,"column":25},"end":{"line":104,"column":null}},"33":{"start":{"line":101,"column":19},"end":{"line":101,"column":null}},"34":{"start":{"line":103,"column":4},"end":{"line":103,"column":null}}},"fnMap":{"0":{"name":"constructor","decl":{"start":{"line":6,"column":2},"end":{"line":6,"column":14}},"loc":{"start":{"line":6,"column":35},"end":{"line":8,"column":null}},"line":6},"1":{"name":"request","decl":{"start":{"line":10,"column":8},"end":{"line":10,"column":19}},"loc":{"start":{"line":10,"column":72},"end":{"line":28,"column":null}},"line":10},"2":{"name":"(anonymous_2)","decl":{"start":{"line":22,"column":42},"end":{"line":22,"column":49}},"loc":{"start":{"line":22,"column":49},"end":{"line":22,"column":75}},"line":22},"3":{"name":"get","decl":{"start":{"line":30,"column":2},"end":{"line":30,"column":9}},"loc":{"start":{"line":30,"column":35},"end":{"line":32,"column":null}},"line":30},"4":{"name":"post","decl":{"start":{"line":34,"column":2},"end":{"line":34,"column":10}},"loc":{"start":{"line":34,"column":51},"end":{"line":39,"column":null}},"line":34},"5":{"name":"put","decl":{"start":{"line":41,"column":2},"end":{"line":41,"column":9}},"loc":{"start":{"line":41,"column":50},"end":{"line":46,"column":null}},"line":41},"6":{"name":"patch","decl":{"start":{"line":48,"column":2},"end":{"line":48,"column":11}},"loc":{"start":{"line":48,"column":52},"end":{"line":53,"column":null}},"line":48},"7":{"name":"delete","decl":{"start":{"line":55,"column":2},"end":{"line":55,"column":9}},"loc":{"start":{"line":55,"column":38},"end":{"line":57,"column":null}},"line":55},"8":{"name":"upload","decl":{"start":{"line":59,"column":8},"end":{"line":59,"column":18}},"loc":{"start":{"line":59,"column":64},"end":{"line":71,"column":null}},"line":59},"9":{"name":"(anonymous_9)","decl":{"start":{"line":66,"column":42},"end":{"line":66,"column":49}},"loc":{"start":{"line":66,"column":49},"end":{"line":66,"column":52}},"line":66},"10":{"name":"(anonymous_10)","decl":{"start":{"line":78,"column":9},"end":{"line":78,"column":15}},"loc":{"start":{"line":78,"column":15},"end":{"line":78,"column":null}},"line":78},"11":{"name":"(anonymous_11)","decl":{"start":{"line":82,"column":22},"end":{"line":82,"column":23}},"loc":{"start":{"line":83,"column":4},"end":{"line":85,"column":null}},"line":83},"12":{"name":"(anonymous_12)","decl":{"start":{"line":86,"column":22},"end":{"line":86,"column":23}},"loc":{"start":{"line":87,"column":4},"end":{"line":89,"column":null}},"line":87},"13":{"name":"(anonymous_13)","decl":{"start":{"line":90,"column":14},"end":{"line":90,"column":15}},"loc":{"start":{"line":91,"column":4},"end":{"line":91,"column":null}},"line":91},"14":{"name":"(anonymous_14)","decl":{"start":{"line":92,"column":20},"end":{"line":92,"column":21}},"loc":{"start":{"line":93,"column":4},"end":{"line":95,"column":null}},"line":93},"15":{"name":"(anonymous_15)","decl":{"start":{"line":96,"column":11},"end":{"line":96,"column":12}},"loc":{"start":{"line":97,"column":4},"end":{"line":97,"column":null}},"line":97},"16":{"name":"(anonymous_16)","decl":{"start":{"line":101,"column":13},"end":{"line":101,"column":19}},"loc":{"start":{"line":101,"column":19},"end":{"line":101,"column":null}},"line":101},"17":{"name":"(anonymous_17)","decl":{"start":{"line":102,"column":16},"end":{"line":102,"column":17}},"loc":{"start":{"line":103,"column":4},"end":{"line":103,"column":null}},"line":103}},"branchMap":{"0":{"loc":{"start":{"line":6,"column":14},"end":{"line":6,"column":35}},"type":"default-arg","locations":[{"start":{"line":6,"column":24},"end":{"line":6,"column":35}}],"line":6},"1":{"loc":{"start":{"line":10,"column":33},"end":{"line":10,"column":72}},"type":"default-arg","locations":[{"start":{"line":10,"column":56},"end":{"line":10,"column":72}}],"line":10},"2":{"loc":{"start":{"line":21,"column":4},"end":{"line":24,"column":null}},"type":"if","locations":[{"start":{"line":21,"column":4},"end":{"line":24,"column":null}},{"start":{},"end":{}}],"line":21},"3":{"loc":{"start":{"line":23,"column":21},"end":{"line":23,"column":51}},"type":"binary-expr","locations":[{"start":{"line":23,"column":21},"end":{"line":23,"column":35}},{"start":{"line":23,"column":35},"end":{"line":23,"column":51}}],"line":23},"4":{"loc":{"start":{"line":26,"column":4},"end":{"line":26,"column":null}},"type":"if","locations":[{"start":{"line":26,"column":4},"end":{"line":26,"column":null}},{"start":{},"end":{}}],"line":26},"5":{"loc":{"start":{"line":65,"column":4},"end":{"line":68,"column":null}},"type":"if","locations":[{"start":{"line":65,"column":4},"end":{"line":68,"column":null}},{"start":{},"end":{}}],"line":65},"6":{"loc":{"start":{"line":67,"column":21},"end":{"line":67,"column":51}},"type":"binary-expr","locations":[{"start":{"line":67,"column":21},"end":{"line":67,"column":35}},{"start":{"line":67,"column":35},"end":{"line":67,"column":51}}],"line":67},"7":{"loc":{"start":{"line":69,"column":4},"end":{"line":69,"column":null}},"type":"if","locations":[{"start":{"line":69,"column":4},"end":{"line":69,"column":null}},{"start":{},"end":{}}],"line":69}},"s":{"0":0,"1":0,"2":0,"3":0,"4":0,"5":0,"6":0,"7":0,"8":0,"9":0,"10":0,"11":0,"12":0,"13":0,"14":0,"15":0,"16":0,"17":0,"18":0,"19":0,"20":0,"21":0,"22":0,"23":0,"24":0,"25":0,"26":0,"27":0,"28":0,"29":0,"30":0,"31":0,"32":0,"33":0,"34":0},"f":{"0":0,"1":0,"2":0,"3":0,"4":0,"5":0,"6":0,"7":0,"8":0,"9":0,"10":0,"11":0,"12":0,"13":0,"14":0,"15":0,"16":0,"17":0},"b":{"0":[0],"1":[0],"2":[0,0],"3":[0,0],"4":[0,0],"5":[0,0],"6":[0,0],"7":[0,0]},"meta":{"lastBranch":8,"lastFunction":18,"lastStatement":35,"seen":{"f:6:2:6:14":0,"b:6:24:6:35":0,"s:7:4:7:Infinity":0,"f:10:8:10:19":1,"b:10:56:10:72":1,"s:11:16:11:Infinity":1,"s:12:16:19:Infinity":2,"b:21:4:24:Infinity:undefined:undefined:undefined:undefined":2,"s:21:4:24:Infinity":3,"s:22:19:22:Infinity":4,"f:22:42:22:49":2,"s:22:49:22:75":5,"s:23:6:23:Infinity":6,"b:23:21:23:35:23:35:23:51":3,"b:26:4:26:Infinity:undefined:undefined:undefined:undefined":4,"s:26:4:26:Infinity":7,"s:26:28:26:Infinity":8,"s:27:4:27:Infinity":9,"f:30:2:30:9":3,"s:31:4:31:Infinity":10,"f:34:2:34:10":4,"s:35:4:38:Infinity":11,"f:41:2:41:9":5,"s:42:4:45:Infinity":12,"f:48:2:48:11":6,"s:49:4:52:Infinity":13,"f:55:2:55:9":7,"s:56:4:56:Infinity":14,"f:59:8:59:18":8,"s:60:16:64:Infinity":15,"b:65:4:68:Infinity:undefined:undefined:undefined:undefined":5,"s:65:4:68:Infinity":16,"s:66:19:66:Infinity":17,"f:66:42:66:49":9,"s:66:49:66:52":18,"s:67:6:67:Infinity":19,"b:67:21:67:35:67:35:67:51":6,"b:69:4:69:Infinity:undefined:undefined:undefined:undefined":7,"s:69:4:69:Infinity":20,"s:69:28:69:Infinity":21,"s:70:4:70:Infinity":22,"s:74:19:74:Infinity":23,"s:77:23:79:Infinity":24,"f:78:9:78:15":10,"s:78:15:78:Infinity":25,"s:81:29:98:Infinity":26,"f:82:22:82:23":11,"s:83:4:85:Infinity":27,"f:86:22:86:23":12,"s:87:4:89:Infinity":28,"f:90:14:90:15":13,"s:91:4:91:Infinity":29,"f:92:20:92:21":14,"s:93:4:95:Infinity":30,"f:96:11:96:12":15,"s:97:4:97:Infinity":31,"s:100:25:104:Infinity":32,"f:101:13:101:19":16,"s:101:19:101:Infinity":33,"f:102:16:102:17":17,"s:103:4:103:Infinity":34},"fnNames":{}}}
,"/home/jeremy/projects/the-bell/web/src/api/kratos-types.ts": {"path":"/home/jeremy/projects/the-bell/web/src/api/kratos-types.ts","statementMap":{},"fnMap":{},"branchMap":{},"s":{},"f":{},"b":{},"meta":{"lastBranch":0,"lastFunction":0,"lastStatement":0,"seen":{},"fnNames":{}}}
,"/home/jeremy/projects/the-bell/web/src/api/kratos.ts": {"path":"/home/jeremy/projects/the-bell/web/src/api/kratos.ts","statementMap":{"0":{"start":{"line":3,"column":13},"end":{"line":3,"column":null}},"1":{"start":{"line":8,"column":14},"end":{"line":15,"column":null}},"2":{"start":{"line":17,"column":2},"end":{"line":20,"column":null}},"3":{"start":{"line":18,"column":17},"end":{"line":18,"column":null}},"4":{"start":{"line":18,"column":47},"end":{"line":18,"column":86}},"5":{"start":{"line":19,"column":4},"end":{"line":19,"column":null}},"6":{"start":{"line":22,"column":2},"end":{"line":22,"column":null}},"7":{"start":{"line":26,"column":2},"end":{"line":26,"column":null}},"8":{"start":{"line":30,"column":2},"end":{"line":30,"column":null}},"9":{"start":{"line":38,"column":2},"end":{"line":42,"column":null}},"10":{"start":{"line":46,"column":2},"end":{"line":52,"column":null}},"11":{"start":{"line":47,"column":4},"end":{"line":47,"column":null}},"12":{"start":{"line":49,"column":16},"end":{"line":49,"column":null}},"13":{"start":{"line":50,"column":4},"end":{"line":50,"column":null}},"14":{"start":{"line":50,"column":28},"end":{"line":50,"column":null}},"15":{"start":{"line":51,"column":4},"end":{"line":51,"column":null}},"16":{"start":{"line":56,"column":2},"end":{"line":56,"column":null}},"17":{"start":{"line":60,"column":2},"end":{"line":63,"column":null}}},"fnMap":{"0":{"name":"kratosRequest","decl":{"start":{"line":7,"column":15},"end":{"line":7,"column":32}},"loc":{"start":{"line":7,"column":78},"end":{"line":23,"column":null}},"line":7},"1":{"name":"(anonymous_1)","decl":{"start":{"line":18,"column":40},"end":{"line":18,"column":47}},"loc":{"start":{"line":18,"column":47},"end":{"line":18,"column":86}},"line":18},"2":{"name":"createFlow","decl":{"start":{"line":25,"column":22},"end":{"line":25,"column":33}},"loc":{"start":{"line":25,"column":70},"end":{"line":27,"column":null}},"line":25},"3":{"name":"getFlow","decl":{"start":{"line":29,"column":22},"end":{"line":29,"column":30}},"loc":{"start":{"line":29,"column":79},"end":{"line":31,"column":null}},"line":29},"4":{"name":"submitFlow","decl":{"start":{"line":33,"column":22},"end":{"line":33,"column":null}},"loc":{"start":{"line":37,"column":47},"end":{"line":43,"column":null}},"line":37},"5":{"name":"getSession","decl":{"start":{"line":45,"column":22},"end":{"line":45,"column":66}},"loc":{"start":{"line":45,"column":66},"end":{"line":53,"column":null}},"line":45},"6":{"name":"createLogoutFlow","decl":{"start":{"line":55,"column":22},"end":{"line":55,"column":68}},"loc":{"start":{"line":55,"column":68},"end":{"line":57,"column":null}},"line":55},"7":{"name":"performLogout","decl":{"start":{"line":59,"column":22},"end":{"line":59,"column":36}},"loc":{"start":{"line":59,"column":66},"end":{"line":64,"column":null}},"line":59}},"branchMap":{"0":{"loc":{"start":{"line":17,"column":2},"end":{"line":20,"column":null}},"type":"if","locations":[{"start":{"line":17,"column":2},"end":{"line":20,"column":null}},{"start":{},"end":{}}],"line":17},"1":{"loc":{"start":{"line":50,"column":4},"end":{"line":50,"column":null}},"type":"if","locations":[{"start":{"line":50,"column":4},"end":{"line":50,"column":null}},{"start":{},"end":{}}],"line":50}},"s":{"0":0,"1":0,"2":0,"3":0,"4":0,"5":0,"6":0,"7":0,"8":0,"9":0,"10":0,"11":0,"12":0,"13":0,"14":0,"15":0,"16":0,"17":0},"f":{"0":0,"1":0,"2":0,"3":0,"4":0,"5":0,"6":0,"7":0},"b":{"0":[0,0],"1":[0,0]},"meta":{"lastBranch":2,"lastFunction":8,"lastStatement":18,"seen":{"s:3:13:3:Infinity":0,"f:7:15:7:32":0,"s:8:14:15:Infinity":1,"b:17:2:20:Infinity:undefined:undefined:undefined:undefined":0,"s:17:2:20:Infinity":2,"s:18:17:18:Infinity":3,"f:18:40:18:47":1,"s:18:47:18:86":4,"s:19:4:19:Infinity":5,"s:22:2:22:Infinity":6,"f:25:22:25:33":2,"s:26:2:26:Infinity":7,"f:29:22:29:30":3,"s:30:2:30:Infinity":8,"f:33:22:33:Infinity":4,"s:38:2:42:Infinity":9,"f:45:22:45:66":5,"s:46:2:52:Infinity":10,"s:47:4:47:Infinity":11,"s:49:16:49:Infinity":12,"b:50:4:50:Infinity:undefined:undefined:undefined:undefined":1,"s:50:4:50:Infinity":13,"s:50:28:50:Infinity":14,"s:51:4:51:Infinity":15,"f:55:22:55:68":6,"s:56:2:56:Infinity":16,"f:59:22:59:36":7,"s:60:2:63:Infinity":17},"fnNames":{}}}
,"/home/jeremy/projects/the-bell/web/src/api/types.ts": {"path":"/home/jeremy/projects/the-bell/web/src/api/types.ts","statementMap":{},"fnMap":{},"branchMap":{},"s":{},"f":{},"b":{},"meta":{"lastBranch":0,"lastFunction":0,"lastStatement":0,"seen":{},"fnNames":{}}}
,"/home/jeremy/projects/the-bell/web/src/components/ActionDialog.tsx": {"path":"/home/jeremy/projects/the-bell/web/src/components/ActionDialog.tsx","statementMap":{"0":{"start":{"line":6,"column":21},"end":{"line":6,"column":null}},"1":{"start":{"line":8,"column":47},"end":{"line":13,"column":null}},"2":{"start":{"line":15,"column":23},"end":{"line":15,"column":null}},"3":{"start":{"line":17,"column":40},"end":{"line":26,"column":null}},"4":{"start":{"line":39,"column":34},"end":{"line":39,"column":null}},"5":{"start":{"line":40,"column":30},"end":{"line":40,"column":null}},"6":{"start":{"line":41,"column":26},"end":{"line":41,"column":null}},"7":{"start":{"line":42,"column":40},"end":{"line":42,"column":null}},"8":{"start":{"line":43,"column":34},"end":{"line":43,"column":null}},"9":{"start":{"line":44,"column":24},"end":{"line":44,"column":null}},"10":{"start":{"line":45,"column":38},"end":{"line":45,"column":null}},"11":{"start":{"line":48,"column":2},"end":{"line":55,"column":null}},"12":{"start":{"line":49,"column":4},"end":{"line":54,"column":null}},"13":{"start":{"line":50,"column":22},"end":{"line":50,"column":null}},"14":{"start":{"line":51,"column":6},"end":{"line":53,"column":null}},"15":{"start":{"line":52,"column":8},"end":{"line":52,"column":null}},"16":{"start":{"line":57,"column":24},"end":{"line":57,"column":null}},"17":{"start":{"line":59,"column":4},"end":{"line":62,"column":null}},"18":{"start":{"line":65,"column":4},"end":{"line":67,"column":null}},"19":{"start":{"line":71,"column":4},"end":{"line":71,"column":null}},"20":{"start":{"line":72,"column":4},"end":{"line":72,"column":null}},"21":{"start":{"line":72,"column":20},"end":{"line":72,"column":null}},"22":{"start":{"line":74,"column":4},"end":{"line":74,"column":null}},"23":{"start":{"line":75,"column":4},"end":{"line":75,"column":null}},"24":{"start":{"line":77,"column":4},"end":{"line":93,"column":null}},"25":{"start":{"line":78,"column":6},"end":{"line":86,"column":null}},"26":{"start":{"line":87,"column":6},"end":{"line":87,"column":null}},"27":{"start":{"line":89,"column":21},"end":{"line":89,"column":null}},"28":{"start":{"line":90,"column":6},"end":{"line":90,"column":null}},"29":{"start":{"line":92,"column":6},"end":{"line":92,"column":null}},"30":{"start":{"line":96,"column":2},"end":{"line":258,"column":null}},"31":{"start":{"line":126,"column":31},"end":{"line":126,"column":null}},"32":{"start":{"line":128,"column":29},"end":{"line":128,"column":null}},"33":{"start":{"line":129,"column":28},"end":{"line":129,"column":null}},"34":{"start":{"line":133,"column":16},"end":{"line":135,"column":null}},"35":{"start":{"line":153,"column":33},"end":{"line":153,"column":null}},"36":{"start":{"line":155,"column":31},"end":{"line":155,"column":null}},"37":{"start":{"line":156,"column":30},"end":{"line":156,"column":null}},"38":{"start":{"line":159,"column":18},"end":{"line":161,"column":null}},"39":{"start":{"line":183,"column":33},"end":{"line":183,"column":null}},"40":{"start":{"line":185,"column":31},"end":{"line":185,"column":null}},"41":{"start":{"line":186,"column":30},"end":{"line":186,"column":null}},"42":{"start":{"line":203,"column":31},"end":{"line":203,"column":null}},"43":{"start":{"line":207,"column":29},"end":{"line":207,"column":null}},"44":{"start":{"line":208,"column":28},"end":{"line":208,"column":null}},"45":{"start":{"line":230,"column":17},"end":{"line":230,"column":null}},"46":{"start":{"line":233,"column":17},"end":{"line":233,"column":null}},"47":{"start":{"line":247,"column":16},"end":{"line":247,"column":null}},"48":{"start":{"line":247,"column":32},"end":{"line":247,"column":null}},"49":{"start":{"line":250,"column":17},"end":{"line":250,"column":null}}},"fnMap":{"0":{"name":"ActionDialog","decl":{"start":{"line":34,"column":24},"end":{"line":34,"column":37}},"loc":{"start":{"line":38,"column":22},"end":{"line":260,"column":null}},"line":38},"1":{"name":"(anonymous_1)","decl":{"start":{"line":48,"column":12},"end":{"line":48,"column":18}},"loc":{"start":{"line":48,"column":18},"end":{"line":55,"column":5}},"line":48},"2":{"name":"getFocusedStyle","decl":{"start":{"line":64,"column":11},"end":{"line":64,"column":27}},"loc":{"start":{"line":64,"column":65},"end":{"line":68,"column":null}},"line":64},"3":{"name":"handleSubmit","decl":{"start":{"line":70,"column":17},"end":{"line":70,"column":30}},"loc":{"start":{"line":70,"column":50},"end":{"line":94,"column":null}},"line":70},"4":{"name":"(anonymous_4)","decl":{"start":{"line":126,"column":24},"end":{"line":126,"column":25}},"loc":{"start":{"line":126,"column":31},"end":{"line":126,"column":null}},"line":126},"5":{"name":"(anonymous_5)","decl":{"start":{"line":128,"column":23},"end":{"line":128,"column":29}},"loc":{"start":{"line":128,"column":29},"end":{"line":128,"column":null}},"line":128},"6":{"name":"(anonymous_6)","decl":{"start":{"line":129,"column":22},"end":{"line":129,"column":28}},"loc":{"start":{"line":129,"column":28},"end":{"line":129,"column":null}},"line":129},"7":{"name":"(anonymous_7)","decl":{"start":{"line":132,"column":32},"end":{"line":132,"column":33}},"loc":{"start":{"line":133,"column":16},"end":{"line":135,"column":null}},"line":133},"8":{"name":"(anonymous_8)","decl":{"start":{"line":153,"column":26},"end":{"line":153,"column":27}},"loc":{"start":{"line":153,"column":33},"end":{"line":153,"column":null}},"line":153},"9":{"name":"(anonymous_9)","decl":{"start":{"line":155,"column":25},"end":{"line":155,"column":31}},"loc":{"start":{"line":155,"column":31},"end":{"line":155,"column":null}},"line":155},"10":{"name":"(anonymous_10)","decl":{"start":{"line":156,"column":24},"end":{"line":156,"column":30}},"loc":{"start":{"line":156,"column":30},"end":{"line":156,"column":null}},"line":156},"11":{"name":"(anonymous_11)","decl":{"start":{"line":158,"column":47},"end":{"line":158,"column":48}},"loc":{"start":{"line":159,"column":18},"end":{"line":161,"column":null}},"line":159},"12":{"name":"(anonymous_12)","decl":{"start":{"line":183,"column":26},"end":{"line":183,"column":27}},"loc":{"start":{"line":183,"column":33},"end":{"line":183,"column":null}},"line":183},"13":{"name":"(anonymous_13)","decl":{"start":{"line":185,"column":25},"end":{"line":185,"column":31}},"loc":{"start":{"line":185,"column":31},"end":{"line":185,"column":null}},"line":185},"14":{"name":"(anonymous_14)","decl":{"start":{"line":186,"column":24},"end":{"line":186,"column":30}},"loc":{"start":{"line":186,"column":30},"end":{"line":186,"column":null}},"line":186},"15":{"name":"(anonymous_15)","decl":{"start":{"line":203,"column":24},"end":{"line":203,"column":25}},"loc":{"start":{"line":203,"column":31},"end":{"line":203,"column":null}},"line":203},"16":{"name":"(anonymous_16)","decl":{"start":{"line":207,"column":23},"end":{"line":207,"column":29}},"loc":{"start":{"line":207,"column":29},"end":{"line":207,"column":null}},"line":207},"17":{"name":"(anonymous_17)","decl":{"start":{"line":208,"column":22},"end":{"line":208,"column":28}},"loc":{"start":{"line":208,"column":28},"end":{"line":208,"column":null}},"line":208},"18":{"name":"(anonymous_18)","decl":{"start":{"line":229,"column":28},"end":{"line":229,"column":29}},"loc":{"start":{"line":229,"column":35},"end":{"line":231,"column":null}},"line":229},"19":{"name":"(anonymous_19)","decl":{"start":{"line":232,"column":28},"end":{"line":232,"column":29}},"loc":{"start":{"line":232,"column":35},"end":{"line":234,"column":null}},"line":232},"20":{"name":"(anonymous_20)","decl":{"start":{"line":246,"column":28},"end":{"line":246,"column":29}},"loc":{"start":{"line":246,"column":35},"end":{"line":248,"column":null}},"line":246},"21":{"name":"(anonymous_21)","decl":{"start":{"line":249,"column":28},"end":{"line":249,"column":29}},"loc":{"start":{"line":249,"column":35},"end":{"line":251,"column":null}},"line":249}},"branchMap":{"0":{"loc":{"start":{"line":49,"column":4},"end":{"line":54,"column":null}},"type":"if","locations":[{"start":{"line":49,"column":4},"end":{"line":54,"column":null}},{"start":{},"end":{}}],"line":49},"1":{"loc":{"start":{"line":51,"column":6},"end":{"line":53,"column":null}},"type":"if","locations":[{"start":{"line":51,"column":6},"end":{"line":53,"column":null}},{"start":{},"end":{}}],"line":51},"2":{"loc":{"start":{"line":59,"column":4},"end":{"line":62,"column":null}},"type":"binary-expr","locations":[{"start":{"line":59,"column":4},"end":{"line":59,"column":null}},{"start":{"line":60,"column":4},"end":{"line":60,"column":null}},{"start":{"line":61,"column":4},"end":{"line":61,"column":null}},{"start":{"line":62,"column":4},"end":{"line":62,"column":null}}],"line":59},"3":{"loc":{"start":{"line":65,"column":11},"end":{"line":67,"column":null}},"type":"cond-expr","locations":[{"start":{"line":66,"column":8},"end":{"line":66,"column":null}},{"start":{"line":67,"column":8},"end":{"line":67,"column":null}}],"line":65},"4":{"loc":{"start":{"line":72,"column":4},"end":{"line":72,"column":null}},"type":"if","locations":[{"start":{"line":72,"column":4},"end":{"line":72,"column":null}},{"start":{},"end":{}}],"line":72},"5":{"loc":{"start":{"line":83,"column":26},"end":{"line":85,"column":null}},"type":"cond-expr","locations":[{"start":{"line":84,"column":12},"end":{"line":84,"column":null}},{"start":{"line":85,"column":12},"end":{"line":85,"column":null}}],"line":83},"6":{"loc":{"start":{"line":90,"column":15},"end":{"line":90,"column":55}},"type":"binary-expr","locations":[{"start":{"line":90,"column":15},"end":{"line":90,"column":31}},{"start":{"line":90,"column":31},"end":{"line":90,"column":55}}],"line":90},"7":{"loc":{"start":{"line":141,"column":11},"end":{"line":164,"column":null}},"type":"binary-expr","locations":[{"start":{"line":141,"column":11},"end":{"line":141,"column":null}},{"start":{"line":142,"column":12},"end":{"line":164,"column":null}}],"line":141},"8":{"loc":{"start":{"line":168,"column":11},"end":{"line":188,"column":null}},"type":"binary-expr","locations":[{"start":{"line":168,"column":11},"end":{"line":168,"column":null}},{"start":{"line":169,"column":12},"end":{"line":188,"column":null}}],"line":168},"9":{"loc":{"start":{"line":216,"column":11},"end":{"line":217,"column":null}},"type":"binary-expr","locations":[{"start":{"line":216,"column":11},"end":{"line":216,"column":null}},{"start":{"line":217,"column":12},"end":{"line":217,"column":null}}],"line":216},"10":{"loc":{"start":{"line":247,"column":16},"end":{"line":247,"column":null}},"type":"if","locations":[{"start":{"line":247,"column":16},"end":{"line":247,"column":null}},{"start":{},"end":{}}],"line":247},"11":{"loc":{"start":{"line":253,"column":15},"end":{"line":253,"column":null}},"type":"cond-expr","locations":[{"start":{"line":253,"column":28},"end":{"line":253,"column":46}},{"start":{"line":253,"column":46},"end":{"line":253,"column":null}}],"line":253}},"s":{"0":0,"1":0,"2":0,"3":0,"4":0,"5":0,"6":0,"7":0,"8":0,"9":0,"10":0,"11":0,"12":0,"13":0,"14":0,"15":0,"16":0,"17":0,"18":0,"19":0,"20":0,"21":0,"22":0,"23":0,"24":0,"25":0,"26":0,"27":0,"28":0,"29":0,"30":0,"31":0,"32":0,"33":0,"34":0,"35":0,"36":0,"37":0,"38":0,"39":0,"40":0,"41":0,"42":0,"43":0,"44":0,"45":0,"46":0,"47":0,"48":0,"49":0},"f":{"0":0,"1":0,"2":0,"3":0,"4":0,"5":0,"6":0,"7":0,"8":0,"9":0,"10":0,"11":0,"12":0,"13":0,"14":0,"15":0,"16":0,"17":0,"18":0,"19":0,"20":0,"21":0},"b":{"0":[0,0],"1":[0,0],"2":[0,0,0,0],"3":[0,0],"4":[0,0],"5":[0,0],"6":[0,0],"7":[0,0],"8":[0,0],"9":[0,0],"10":[0,0],"11":[0,0]},"meta":{"lastBranch":12,"lastFunction":22,"lastStatement":50,"seen":{"s:6:21:6:Infinity":0,"s:8:47:13:Infinity":1,"s:15:23:15:Infinity":2,"s:17:40:26:Infinity":3,"f:34:24:34:37":0,"s:39:34:39:Infinity":4,"s:40:30:40:Infinity":5,"s:41:26:41:Infinity":6,"s:42:40:42:Infinity":7,"s:43:34:43:Infinity":8,"s:44:24:44:Infinity":9,"s:45:38:45:Infinity":10,"s:48:2:55:Infinity":11,"f:48:12:48:18":1,"b:49:4:54:Infinity:undefined:undefined:undefined:undefined":0,"s:49:4:54:Infinity":12,"s:50:22:50:Infinity":13,"b:51:6:53:Infinity:undefined:undefined:undefined:undefined":1,"s:51:6:53:Infinity":14,"s:52:8:52:Infinity":15,"s:57:24:57:Infinity":16,"s:59:4:62:Infinity":17,"b:59:4:59:Infinity:60:4:60:Infinity:61:4:61:Infinity:62:4:62:Infinity":2,"f:64:11:64:27":2,"s:65:4:67:Infinity":18,"b:66:8:66:Infinity:67:8:67:Infinity":3,"f:70:17:70:30":3,"s:71:4:71:Infinity":19,"b:72:4:72:Infinity:undefined:undefined:undefined:undefined":4,"s:72:4:72:Infinity":20,"s:72:20:72:Infinity":21,"s:74:4:74:Infinity":22,"s:75:4:75:Infinity":23,"s:77:4:93:Infinity":24,"s:78:6:86:Infinity":25,"b:84:12:84:Infinity:85:12:85:Infinity":5,"s:87:6:87:Infinity":26,"s:89:21:89:Infinity":27,"s:90:6:90:Infinity":28,"b:90:15:90:31:90:31:90:55":6,"s:92:6:92:Infinity":29,"s:96:2:258:Infinity":30,"f:126:24:126:25":4,"s:126:31:126:Infinity":31,"f:128:23:128:29":5,"s:128:29:128:Infinity":32,"f:129:22:129:28":6,"s:129:28:129:Infinity":33,"f:132:32:132:33":7,"s:133:16:135:Infinity":34,"b:141:11:141:Infinity:142:12:164:Infinity":7,"f:153:26:153:27":8,"s:153:33:153:Infinity":35,"f:155:25:155:31":9,"s:155:31:155:Infinity":36,"f:156:24:156:30":10,"s:156:30:156:Infinity":37,"f:158:47:158:48":11,"s:159:18:161:Infinity":38,"b:168:11:168:Infinity:169:12:188:Infinity":8,"f:183:26:183:27":12,"s:183:33:183:Infinity":39,"f:185:25:185:31":13,"s:185:31:185:Infinity":40,"f:186:24:186:30":14,"s:186:30:186:Infinity":41,"f:203:24:203:25":15,"s:203:31:203:Infinity":42,"f:207:23:207:29":16,"s:207:29:207:Infinity":43,"f:208:22:208:28":17,"s:208:28:208:Infinity":44,"b:216:11:216:Infinity:217:12:217:Infinity":9,"f:229:28:229:29":18,"s:230:17:230:Infinity":45,"f:232:28:232:29":19,"s:233:17:233:Infinity":46,"f:246:28:246:29":20,"b:247:16:247:Infinity:undefined:undefined:undefined:undefined":10,"s:247:16:247:Infinity":47,"s:247:32:247:Infinity":48,"f:249:28:249:29":21,"s:250:17:250:Infinity":49,"b:253:28:253:46:253:46:253:Infinity":11},"fnNames":{}}}
,"/home/jeremy/projects/the-bell/web/src/components/ActionHistoryCard.tsx": {"path":"/home/jeremy/projects/the-bell/web/src/components/ActionHistoryCard.tsx","statementMap":{"0":{"start":{"line":4,"column":2},"end":{"line":10,"column":null}},"1":{"start":{"line":13,"column":65},"end":{"line":30,"column":null}},"2":{"start":{"line":37,"column":32},"end":{"line":37,"column":null}},"3":{"start":{"line":38,"column":42},"end":{"line":41,"column":null}},"4":{"start":{"line":43,"column":2},"end":{"line":114,"column":null}},"5":{"start":{"line":95,"column":14},"end":{"line":109,"column":null}}},"fnMap":{"0":{"name":"formatDate","decl":{"start":{"line":3,"column":9},"end":{"line":3,"column":20}},"loc":{"start":{"line":3,"column":45},"end":{"line":11,"column":null}},"line":3},"1":{"name":"ActionHistoryCard","decl":{"start":{"line":36,"column":24},"end":{"line":36,"column":42}},"loc":{"start":{"line":36,"column":77},"end":{"line":116,"column":null}},"line":36},"2":{"name":"(anonymous_2)","decl":{"start":{"line":94,"column":27},"end":{"line":94,"column":28}},"loc":{"start":{"line":95,"column":14},"end":{"line":109,"column":null}},"line":95}},"branchMap":{"0":{"loc":{"start":{"line":38,"column":42},"end":{"line":41,"column":null}},"type":"binary-expr","locations":[{"start":{"line":38,"column":42},"end":{"line":38,"column":80}},{"start":{"line":38,"column":80},"end":{"line":41,"column":null}}],"line":38},"1":{"loc":{"start":{"line":76,"column":9},"end":{"line":77,"column":null}},"type":"binary-expr","locations":[{"start":{"line":76,"column":9},"end":{"line":76,"column":null}},{"start":{"line":77,"column":10},"end":{"line":77,"column":null}}],"line":76},"2":{"loc":{"start":{"line":82,"column":7},"end":{"line":112,"column":null}},"type":"binary-expr","locations":[{"start":{"line":82,"column":7},"end":{"line":82,"column":null}},{"start":{"line":83,"column":8},"end":{"line":112,"column":null}}],"line":82},"3":{"loc":{"start":{"line":101,"column":19},"end":{"line":101,"column":71}},"type":"cond-expr","locations":[{"start":{"line":101,"column":39},"end":{"line":101,"column":50}},{"start":{"line":101,"column":50},"end":{"line":101,"column":71}}],"line":101},"4":{"loc":{"start":{"line":104,"column":17},"end":{"line":107,"column":null}},"type":"binary-expr","locations":[{"start":{"line":104,"column":17},"end":{"line":104,"column":null}},{"start":{"line":105,"column":18},"end":{"line":107,"column":null}}],"line":104}},"s":{"0":0,"1":0,"2":0,"3":0,"4":0,"5":0},"f":{"0":0,"1":0,"2":0},"b":{"0":[0,0],"1":[0,0],"2":[0,0],"3":[0,0],"4":[0,0]},"meta":{"lastBranch":5,"lastFunction":3,"lastStatement":6,"seen":{"f:3:9:3:20":0,"s:4:2:10:Infinity":0,"s:13:65:30:Infinity":1,"f:36:24:36:42":1,"s:37:32:37:Infinity":2,"s:38:42:41:Infinity":3,"b:38:42:38:80:38:80:41:Infinity":0,"s:43:2:114:Infinity":4,"b:76:9:76:Infinity:77:10:77:Infinity":1,"b:82:7:82:Infinity:83:8:112:Infinity":2,"f:94:27:94:28":2,"s:95:14:109:Infinity":5,"b:101:39:101:50:101:50:101:71":3,"b:104:17:104:Infinity:105:18:107:Infinity":4},"fnNames":{}}}
,"/home/jeremy/projects/the-bell/web/src/components/AppLayout.tsx": {"path":"/home/jeremy/projects/the-bell/web/src/components/AppLayout.tsx","statementMap":{"0":{"start":{"line":8,"column":17},"end":{"line":8,"column":null}},"1":{"start":{"line":10,"column":2},"end":{"line":37,"column":null}}},"fnMap":{"0":{"name":"AppLayout","decl":{"start":{"line":7,"column":24},"end":{"line":7,"column":36}},"loc":{"start":{"line":7,"column":36},"end":{"line":39,"column":null}},"line":7}},"branchMap":{"0":{"loc":{"start":{"line":26,"column":13},"end":{"line":26,"column":null}},"type":"binary-expr","locations":[{"start":{"line":26,"column":13},"end":{"line":26,"column":33}},{"start":{"line":26,"column":33},"end":{"line":26,"column":null}}],"line":26}},"s":{"0":0,"1":0},"f":{"0":0},"b":{"0":[0,0]},"meta":{"lastBranch":1,"lastFunction":1,"lastStatement":2,"seen":{"f:7:24:7:36":0,"s:8:17:8:Infinity":0,"s:10:2:37:Infinity":1,"b:26:13:26:33:26:33:26:Infinity":0},"fnNames":{}}}
,"/home/jeremy/projects/the-bell/web/src/components/AuthLayout.tsx": {"path":"/home/jeremy/projects/the-bell/web/src/components/AuthLayout.tsx","statementMap":{"0":{"start":{"line":13,"column":17},"end":{"line":13,"column":null}},"1":{"start":{"line":15,"column":2},"end":{"line":59,"column":null}}},"fnMap":{"0":{"name":"AuthLayout","decl":{"start":{"line":12,"column":24},"end":{"line":12,"column":35}},"loc":{"start":{"line":12,"column":91},"end":{"line":61,"column":null}},"line":12}},"branchMap":{"0":{"loc":{"start":{"line":43,"column":11},"end":{"line":46,"column":null}},"type":"binary-expr","locations":[{"start":{"line":43,"column":11},"end":{"line":43,"column":null}},{"start":{"line":44,"column":12},"end":{"line":46,"column":null}}],"line":43},"1":{"loc":{"start":{"line":50,"column":9},"end":{"line":56,"column":null}},"type":"binary-expr","locations":[{"start":{"line":50,"column":9},"end":{"line":50,"column":null}},{"start":{"line":51,"column":10},"end":{"line":56,"column":null}}],"line":50}},"s":{"0":0,"1":0},"f":{"0":0},"b":{"0":[0,0],"1":[0,0]},"meta":{"lastBranch":2,"lastFunction":1,"lastStatement":2,"seen":{"f:12:24:12:35":0,"s:13:17:13:Infinity":0,"s:15:2:59:Infinity":1,"b:43:11:43:Infinity:44:12:46:Infinity":0,"b:50:9:50:Infinity:51:10:56:Infinity":1},"fnNames":{}}}
,"/home/jeremy/projects/the-bell/web/src/components/Avatar.tsx": {"path":"/home/jeremy/projects/the-bell/web/src/components/Avatar.tsx","statementMap":{"0":{"start":{"line":7,"column":16},"end":{"line":11,"column":null}},"1":{"start":{"line":14,"column":14},"end":{"line":14,"column":null}},"2":{"start":{"line":15,"column":2},"end":{"line":17,"column":null}},"3":{"start":{"line":16,"column":4},"end":{"line":16,"column":null}},"4":{"start":{"line":18,"column":8},"end":{"line":18,"column":null}},"5":{"start":{"line":19,"column":2},"end":{"line":25,"column":null}}},"fnMap":{"0":{"name":"Avatar","decl":{"start":{"line":13,"column":24},"end":{"line":13,"column":31}},"loc":{"start":{"line":13,"column":72},"end":{"line":27,"column":null}},"line":13}},"branchMap":{"0":{"loc":{"start":{"line":13,"column":44},"end":{"line":13,"column":56}},"type":"default-arg","locations":[{"start":{"line":13,"column":51},"end":{"line":13,"column":56}}],"line":13},"1":{"loc":{"start":{"line":15,"column":2},"end":{"line":17,"column":null}},"type":"if","locations":[{"start":{"line":15,"column":2},"end":{"line":17,"column":null}},{"start":{},"end":{}}],"line":15},"2":{"loc":{"start":{"line":18,"column":19},"end":{"line":18,"column":32}},"type":"binary-expr","locations":[{"start":{"line":18,"column":19},"end":{"line":18,"column":27}},{"start":{"line":18,"column":27},"end":{"line":18,"column":32}}],"line":18}},"s":{"0":0,"1":0,"2":0,"3":0,"4":0,"5":0},"f":{"0":0},"b":{"0":[0],"1":[0,0],"2":[0,0]},"meta":{"lastBranch":3,"lastFunction":1,"lastStatement":6,"seen":{"s:7:16:11:Infinity":0,"f:13:24:13:31":0,"b:13:51:13:56":0,"s:14:14:14:Infinity":1,"b:15:2:17:Infinity:undefined:undefined:undefined:undefined":1,"s:15:2:17:Infinity":2,"s:16:4:16:Infinity":3,"s:18:8:18:Infinity":4,"b:18:19:18:27:18:27:18:32":2,"s:19:2:25:Infinity":5},"fnNames":{}}}
,"/home/jeremy/projects/the-bell/web/src/components/BellLogo.tsx": {"path":"/home/jeremy/projects/the-bell/web/src/components/BellLogo.tsx","statementMap":{"0":{"start":{"line":8,"column":2},"end":{"line":23,"column":null}}},"fnMap":{"0":{"name":"BellLogo","decl":{"start":{"line":7,"column":24},"end":{"line":7,"column":33}},"loc":{"start":{"line":7,"column":96},"end":{"line":25,"column":null}},"line":7}},"branchMap":{"0":{"loc":{"start":{"line":7,"column":35},"end":{"line":7,"column":46}},"type":"default-arg","locations":[{"start":{"line":7,"column":42},"end":{"line":7,"column":46}}],"line":7},"1":{"loc":{"start":{"line":7,"column":46},"end":{"line":7,"column":63}},"type":"default-arg","locations":[{"start":{"line":7,"column":56},"end":{"line":7,"column":63}}],"line":7},"2":{"loc":{"start":{"line":7,"column":63},"end":{"line":7,"column":78}},"type":"default-arg","locations":[{"start":{"line":7,"column":75},"end":{"line":7,"column":78}}],"line":7},"3":{"loc":{"start":{"line":18,"column":20},"end":{"line":18,"column":54}},"type":"cond-expr","locations":[{"start":{"line":18,"column":30},"end":{"line":18,"column":52}},{"start":{"line":18,"column":52},"end":{"line":18,"column":54}}],"line":18}},"s":{"0":0},"f":{"0":0},"b":{"0":[0],"1":[0],"2":[0],"3":[0,0]},"meta":{"lastBranch":4,"lastFunction":1,"lastStatement":1,"seen":{"f:7:24:7:33":0,"b:7:42:7:46":0,"b:7:56:7:63":1,"b:7:75:7:78":2,"s:8:2:23:Infinity":0,"b:18:30:18:52:18:52:18:54":3},"fnNames":{}}}
,"/home/jeremy/projects/the-bell/web/src/components/BottomNav.tsx": {"path":"/home/jeremy/projects/the-bell/web/src/components/BottomNav.tsx","statementMap":{"0":{"start":{"line":12,"column":35},"end":{"line":24,"column":null}},"1":{"start":{"line":26,"column":38},"end":{"line":31,"column":null}},"2":{"start":{"line":33,"column":39},"end":{"line":44,"column":null}},"3":{"start":{"line":47,"column":2},"end":{"line":47,"column":null}},"4":{"start":{"line":47,"column":13},"end":{"line":47,"column":null}},"5":{"start":{"line":48,"column":2},"end":{"line":48,"column":null}},"6":{"start":{"line":52,"column":15},"end":{"line":52,"column":null}},"7":{"start":{"line":53,"column":8},"end":{"line":53,"column":null}},"8":{"start":{"line":56,"column":4},"end":{"line":56,"column":null}},"9":{"start":{"line":58,"column":33},"end":{"line":62,"column":null}},"10":{"start":{"line":64,"column":2},"end":{"line":100,"column":null}},"11":{"start":{"line":74,"column":23},"end":{"line":74,"column":null}},"12":{"start":{"line":75,"column":8},"end":{"line":97,"column":null}}},"fnMap":{"0":{"name":"isActive","decl":{"start":{"line":46,"column":9},"end":{"line":46,"column":18}},"loc":{"start":{"line":46,"column":79},"end":{"line":49,"column":null}},"line":46},"1":{"name":"BottomNav","decl":{"start":{"line":51,"column":24},"end":{"line":51,"column":36}},"loc":{"start":{"line":51,"column":36},"end":{"line":102,"column":null}},"line":51},"2":{"name":"(anonymous_2)","decl":{"start":{"line":73,"column":17},"end":{"line":73,"column":18}},"loc":{"start":{"line":73,"column":27},"end":{"line":99,"column":7}},"line":73}},"branchMap":{"0":{"loc":{"start":{"line":47,"column":2},"end":{"line":47,"column":null}},"type":"if","locations":[{"start":{"line":47,"column":2},"end":{"line":47,"column":null}},{"start":{},"end":{}}],"line":47},"1":{"loc":{"start":{"line":56,"column":4},"end":{"line":56,"column":null}},"type":"binary-expr","locations":[{"start":{"line":56,"column":4},"end":{"line":56,"column":18}},{"start":{"line":56,"column":18},"end":{"line":56,"column":null}}],"line":56},"2":{"loc":{"start":{"line":60,"column":8},"end":{"line":60,"column":null}},"type":"cond-expr","locations":[{"start":{"line":60,"column":25},"end":{"line":60,"column":44}},{"start":{"line":60,"column":44},"end":{"line":60,"column":null}}],"line":60},"3":{"loc":{"start":{"line":81,"column":21},"end":{"line":81,"column":null}},"type":"cond-expr","locations":[{"start":{"line":81,"column":30},"end":{"line":81,"column":55}},{"start":{"line":81,"column":55},"end":{"line":81,"column":null}}],"line":81},"4":{"loc":{"start":{"line":90,"column":27},"end":{"line":90,"column":null}},"type":"cond-expr","locations":[{"start":{"line":90,"column":36},"end":{"line":90,"column":44}},{"start":{"line":90,"column":44},"end":{"line":90,"column":null}}],"line":90}},"s":{"0":0,"1":0,"2":0,"3":0,"4":0,"5":0,"6":0,"7":0,"8":0,"9":0,"10":0,"11":0,"12":0},"f":{"0":0,"1":0,"2":0},"b":{"0":[0,0],"1":[0,0],"2":[0,0],"3":[0,0],"4":[0,0]},"meta":{"lastBranch":5,"lastFunction":3,"lastStatement":13,"seen":{"s:12:35:24:Infinity":0,"s:26:38:31:Infinity":1,"s:33:39:44:Infinity":2,"f:46:9:46:18":0,"b:47:2:47:Infinity:undefined:undefined:undefined:undefined":0,"s:47:2:47:Infinity":3,"s:47:13:47:Infinity":4,"s:48:2:48:Infinity":5,"f:51:24:51:36":1,"s:52:15:52:Infinity":6,"s:53:8:53:Infinity":7,"s:56:4:56:Infinity":8,"b:56:4:56:18:56:18:56:Infinity":1,"s:58:33:62:Infinity":9,"b:60:25:60:44:60:44:60:Infinity":2,"s:64:2:100:Infinity":10,"f:73:17:73:18":2,"s:74:23:74:Infinity":11,"s:75:8:97:Infinity":12,"b:81:30:81:55:81:55:81:Infinity":3,"b:90:36:90:44:90:44:90:Infinity":4},"fnNames":{}}}
,"/home/jeremy/projects/the-bell/web/src/components/ErrorBanner.tsx": {"path":"/home/jeremy/projects/the-bell/web/src/components/ErrorBanner.tsx","statementMap":{"0":{"start":{"line":7,"column":2},"end":{"line":18,"column":null}}},"fnMap":{"0":{"name":"ErrorBanner","decl":{"start":{"line":6,"column":24},"end":{"line":6,"column":36}},"loc":{"start":{"line":6,"column":76},"end":{"line":20,"column":null}},"line":6}},"branchMap":{"0":{"loc":{"start":{"line":13,"column":7},"end":{"line":16,"column":null}},"type":"binary-expr","locations":[{"start":{"line":13,"column":7},"end":{"line":13,"column":null}},{"start":{"line":14,"column":8},"end":{"line":16,"column":null}}],"line":13}},"s":{"0":0},"f":{"0":0},"b":{"0":[0,0]},"meta":{"lastBranch":1,"lastFunction":1,"lastStatement":1,"seen":{"f:6:24:6:36":0,"s:7:2:18:Infinity":0,"b:13:7:13:Infinity:14:8:16:Infinity":0},"fnNames":{}}}
,"/home/jeremy/projects/the-bell/web/src/components/FlowForm.tsx": {"path":"/home/jeremy/projects/the-bell/web/src/components/FlowForm.tsx","statementMap":{"0":{"start":{"line":12,"column":2},"end":{"line":12,"column":null}},"1":{"start":{"line":12,"column":25},"end":{"line":12,"column":null}},"2":{"start":{"line":13,"column":2},"end":{"line":31,"column":null}},"3":{"start":{"line":16,"column":8},"end":{"line":29,"column":null}},"4":{"start":{"line":40,"column":16},"end":{"line":40,"column":null}},"5":{"start":{"line":42,"column":2},"end":{"line":44,"column":null}},"6":{"start":{"line":43,"column":4},"end":{"line":43,"column":null}},"7":{"start":{"line":46,"column":2},"end":{"line":71,"column":null}},"8":{"start":{"line":47,"column":4},"end":{"line":69,"column":null}},"9":{"start":{"line":60,"column":12},"end":{"line":60,"column":null}},"10":{"start":{"line":63,"column":12},"end":{"line":63,"column":null}},"11":{"start":{"line":73,"column":16},"end":{"line":73,"column":null}},"12":{"start":{"line":75,"column":2},"end":{"line":113,"column":null}},"13":{"start":{"line":104,"column":10},"end":{"line":104,"column":null}},"14":{"start":{"line":105,"column":10},"end":{"line":105,"column":null}},"15":{"start":{"line":108,"column":10},"end":{"line":108,"column":null}},"16":{"start":{"line":109,"column":10},"end":{"line":109,"column":null}},"17":{"start":{"line":118,"column":16},"end":{"line":118,"column":null}},"18":{"start":{"line":120,"column":2},"end":{"line":131,"column":null}},"19":{"start":{"line":122,"column":6},"end":{"line":122,"column":null}},"20":{"start":{"line":124,"column":6},"end":{"line":124,"column":null}},"21":{"start":{"line":126,"column":6},"end":{"line":126,"column":null}},"22":{"start":{"line":128,"column":6},"end":{"line":128,"column":null}},"23":{"start":{"line":130,"column":6},"end":{"line":130,"column":null}},"24":{"start":{"line":134,"column":23},"end":{"line":134,"column":null}},"25":{"start":{"line":137,"column":16},"end":{"line":137,"column":null}},"26":{"start":{"line":137,"column":44},"end":{"line":137,"column":71}},"27":{"start":{"line":139,"column":23},"end":{"line":156,"column":null}},"28":{"start":{"line":140,"column":4},"end":{"line":140,"column":null}},"29":{"start":{"line":141,"column":17},"end":{"line":141,"column":null}},"30":{"start":{"line":142,"column":17},"end":{"line":142,"column":null}},"31":{"start":{"line":145,"column":23},"end":{"line":145,"column":null}},"32":{"start":{"line":146,"column":4},"end":{"line":148,"column":null}},"33":{"start":{"line":147,"column":6},"end":{"line":147,"column":null}},"34":{"start":{"line":150,"column":44},"end":{"line":150,"column":null}},"35":{"start":{"line":151,"column":4},"end":{"line":153,"column":null}},"36":{"start":{"line":152,"column":6},"end":{"line":152,"column":null}},"37":{"start":{"line":155,"column":4},"end":{"line":155,"column":null}},"38":{"start":{"line":159,"column":21},"end":{"line":162,"column":null}},"39":{"start":{"line":161,"column":6},"end":{"line":161,"column":null}},"40":{"start":{"line":163,"column":17},"end":{"line":163,"column":null}},"41":{"start":{"line":163,"column":42},"end":{"line":163,"column":72}},"42":{"start":{"line":164,"column":17},"end":{"line":166,"column":null}},"43":{"start":{"line":165,"column":11},"end":{"line":165,"column":null}},"44":{"start":{"line":167,"column":18},"end":{"line":169,"column":null}},"45":{"start":{"line":168,"column":11},"end":{"line":168,"column":null}},"46":{"start":{"line":171,"column":2},"end":{"line":183,"column":null}}},"fnMap":{"0":{"name":"MessageList","decl":{"start":{"line":11,"column":9},"end":{"line":11,"column":21}},"loc":{"start":{"line":11,"column":60},"end":{"line":33,"column":null}},"line":11},"1":{"name":"(anonymous_1)","decl":{"start":{"line":15,"column":20},"end":{"line":15,"column":21}},"loc":{"start":{"line":16,"column":8},"end":{"line":29,"column":null}},"line":16},"2":{"name":"InputNode","decl":{"start":{"line":35,"column":9},"end":{"line":35,"column":19}},"loc":{"start":{"line":39,"column":3},"end":{"line":115,"column":null}},"line":39},"3":{"name":"(anonymous_3)","decl":{"start":{"line":59,"column":24},"end":{"line":59,"column":25}},"loc":{"start":{"line":59,"column":31},"end":{"line":61,"column":null}},"line":59},"4":{"name":"(anonymous_4)","decl":{"start":{"line":62,"column":24},"end":{"line":62,"column":25}},"loc":{"start":{"line":62,"column":31},"end":{"line":64,"column":null}},"line":62},"5":{"name":"(anonymous_5)","decl":{"start":{"line":103,"column":17},"end":{"line":103,"column":18}},"loc":{"start":{"line":103,"column":24},"end":{"line":106,"column":null}},"line":103},"6":{"name":"(anonymous_6)","decl":{"start":{"line":107,"column":16},"end":{"line":107,"column":17}},"loc":{"start":{"line":107,"column":23},"end":{"line":110,"column":null}},"line":107},"7":{"name":"renderNode","decl":{"start":{"line":117,"column":9},"end":{"line":117,"column":20}},"loc":{"start":{"line":117,"column":34},"end":{"line":132,"column":null}},"line":117},"8":{"name":"FlowForm","decl":{"start":{"line":136,"column":24},"end":{"line":136,"column":33}},"loc":{"start":{"line":136,"column":80},"end":{"line":185,"column":null}},"line":136},"9":{"name":"(anonymous_9)","decl":{"start":{"line":137,"column":37},"end":{"line":137,"column":38}},"loc":{"start":{"line":137,"column":44},"end":{"line":137,"column":71}},"line":137},"10":{"name":"(anonymous_10)","decl":{"start":{"line":139,"column":23},"end":{"line":139,"column":24}},"loc":{"start":{"line":139,"column":58},"end":{"line":156,"column":null}},"line":139},"11":{"name":"(anonymous_11)","decl":{"start":{"line":151,"column":17},"end":{"line":151,"column":18}},"loc":{"start":{"line":151,"column":27},"end":{"line":153,"column":5}},"line":151},"12":{"name":"(anonymous_12)","decl":{"start":{"line":160,"column":4},"end":{"line":160,"column":5}},"loc":{"start":{"line":161,"column":6},"end":{"line":161,"column":null}},"line":161},"13":{"name":"(anonymous_13)","decl":{"start":{"line":163,"column":35},"end":{"line":163,"column":36}},"loc":{"start":{"line":163,"column":42},"end":{"line":163,"column":72}},"line":163},"14":{"name":"(anonymous_14)","decl":{"start":{"line":165,"column":4},"end":{"line":165,"column":5}},"loc":{"start":{"line":165,"column":11},"end":{"line":165,"column":null}},"line":165},"15":{"name":"(anonymous_15)","decl":{"start":{"line":168,"column":4},"end":{"line":168,"column":5}},"loc":{"start":{"line":168,"column":11},"end":{"line":168,"column":null}},"line":168}},"branchMap":{"0":{"loc":{"start":{"line":12,"column":2},"end":{"line":12,"column":null}},"type":"if","locations":[{"start":{"line":12,"column":2},"end":{"line":12,"column":null}},{"start":{},"end":{}}],"line":12},"1":{"loc":{"start":{"line":21,"column":14},"end":{"line":25,"column":null}},"type":"cond-expr","locations":[{"start":{"line":22,"column":18},"end":{"line":22,"column":null}},{"start":{"line":23,"column":18},"end":{"line":25,"column":null}}],"line":21},"2":{"loc":{"start":{"line":23,"column":18},"end":{"line":25,"column":null}},"type":"cond-expr","locations":[{"start":{"line":24,"column":20},"end":{"line":24,"column":null}},{"start":{"line":25,"column":20},"end":{"line":25,"column":null}}],"line":23},"3":{"loc":{"start":{"line":42,"column":2},"end":{"line":44,"column":null}},"type":"if","locations":[{"start":{"line":42,"column":2},"end":{"line":44,"column":null}},{"start":{},"end":{}}],"line":42},"4":{"loc":{"start":{"line":43,"column":57},"end":{"line":43,"column":76}},"type":"binary-expr","locations":[{"start":{"line":43,"column":57},"end":{"line":43,"column":72}},{"start":{"line":43,"column":72},"end":{"line":43,"column":76}}],"line":43},"5":{"loc":{"start":{"line":46,"column":2},"end":{"line":71,"column":null}},"type":"if","locations":[{"start":{"line":46,"column":2},"end":{"line":71,"column":null}},{"start":{},"end":{}}],"line":46},"6":{"loc":{"start":{"line":46,"column":6},"end":{"line":46,"column":58}},"type":"binary-expr","locations":[{"start":{"line":46,"column":6},"end":{"line":46,"column":33}},{"start":{"line":46,"column":33},"end":{"line":46,"column":58}}],"line":46},"7":{"loc":{"start":{"line":52,"column":17},"end":{"line":52,"column":null}},"type":"binary-expr","locations":[{"start":{"line":52,"column":17},"end":{"line":52,"column":32}},{"start":{"line":52,"column":32},"end":{"line":52,"column":null}}],"line":52},"8":{"loc":{"start":{"line":66,"column":11},"end":{"line":66,"column":null}},"type":"binary-expr","locations":[{"start":{"line":66,"column":11},"end":{"line":66,"column":36}},{"start":{"line":66,"column":36},"end":{"line":66,"column":null}}],"line":66},"9":{"loc":{"start":{"line":77,"column":7},"end":{"line":84,"column":null}},"type":"binary-expr","locations":[{"start":{"line":77,"column":7},"end":{"line":77,"column":null}},{"start":{"line":78,"column":8},"end":{"line":84,"column":null}}],"line":77},"10":{"loc":{"start":{"line":90,"column":22},"end":{"line":90,"column":null}},"type":"binary-expr","locations":[{"start":{"line":90,"column":22},"end":{"line":90,"column":37}},{"start":{"line":90,"column":37},"end":{"line":90,"column":null}}],"line":90},"11":{"loc":{"start":{"line":120,"column":2},"end":{"line":131,"column":null}},"type":"switch","locations":[{"start":{"line":121,"column":4},"end":{"line":122,"column":null}},{"start":{"line":123,"column":4},"end":{"line":124,"column":null}},{"start":{"line":125,"column":4},"end":{"line":126,"column":null}},{"start":{"line":127,"column":4},"end":{"line":128,"column":null}},{"start":{"line":129,"column":4},"end":{"line":130,"column":null}}],"line":120},"12":{"loc":{"start":{"line":146,"column":4},"end":{"line":148,"column":null}},"type":"if","locations":[{"start":{"line":146,"column":4},"end":{"line":148,"column":null}},{"start":{},"end":{}}],"line":146},"13":{"loc":{"start":{"line":165,"column":11},"end":{"line":165,"column":null}},"type":"binary-expr","locations":[{"start":{"line":165,"column":11},"end":{"line":165,"column":45}},{"start":{"line":165,"column":45},"end":{"line":165,"column":79}},{"start":{"line":165,"column":79},"end":{"line":165,"column":null}}],"line":165},"14":{"loc":{"start":{"line":168,"column":11},"end":{"line":168,"column":null}},"type":"binary-expr","locations":[{"start":{"line":168,"column":11},"end":{"line":168,"column":45}},{"start":{"line":168,"column":45},"end":{"line":168,"column":null}}],"line":168},"15":{"loc":{"start":{"line":176,"column":7},"end":{"line":181,"column":null}},"type":"cond-expr","locations":[{"start":{"line":177,"column":8},"end":{"line":179,"column":null}},{"start":{"line":181,"column":8},"end":{"line":181,"column":null}}],"line":176}},"s":{"0":0,"1":0,"2":0,"3":0,"4":0,"5":0,"6":0,"7":0,"8":0,"9":0,"10":0,"11":0,"12":0,"13":0,"14":0,"15":0,"16":0,"17":0,"18":0,"19":0,"20":0,"21":0,"22":0,"23":0,"24":0,"25":0,"26":0,"27":0,"28":0,"29":0,"30":0,"31":0,"32":0,"33":0,"34":0,"35":0,"36":0,"37":0,"38":0,"39":0,"40":0,"41":0,"42":0,"43":0,"44":0,"45":0,"46":0},"f":{"0":0,"1":0,"2":0,"3":0,"4":0,"5":0,"6":0,"7":0,"8":0,"9":0,"10":0,"11":0,"12":0,"13":0,"14":0,"15":0},"b":{"0":[0,0],"1":[0,0],"2":[0,0],"3":[0,0],"4":[0,0],"5":[0,0],"6":[0,0],"7":[0,0],"8":[0,0],"9":[0,0],"10":[0,0],"11":[0,0,0,0,0],"12":[0,0],"13":[0,0,0],"14":[0,0],"15":[0,0]},"meta":{"lastBranch":16,"lastFunction":16,"lastStatement":47,"seen":{"f:11:9:11:21":0,"b:12:2:12:Infinity:undefined:undefined:undefined:undefined":0,"s:12:2:12:Infinity":0,"s:12:25:12:Infinity":1,"s:13:2:31:Infinity":2,"f:15:20:15:21":1,"s:16:8:29:Infinity":3,"b:22:18:22:Infinity:23:18:25:Infinity":1,"b:24:20:24:Infinity:25:20:25:Infinity":2,"f:35:9:35:19":2,"s:40:16:40:Infinity":4,"b:42:2:44:Infinity:undefined:undefined:undefined:undefined":3,"s:42:2:44:Infinity":5,"s:43:4:43:Infinity":6,"b:43:57:43:72:43:72:43:76":4,"b:46:2:71:Infinity:undefined:undefined:undefined:undefined":5,"s:46:2:71:Infinity":7,"b:46:6:46:33:46:33:46:58":6,"s:47:4:69:Infinity":8,"b:52:17:52:32:52:32:52:Infinity":7,"f:59:24:59:25":3,"s:60:12:60:Infinity":9,"f:62:24:62:25":4,"s:63:12:63:Infinity":10,"b:66:11:66:36:66:36:66:Infinity":8,"s:73:16:73:Infinity":11,"s:75:2:113:Infinity":12,"b:77:7:77:Infinity:78:8:84:Infinity":9,"b:90:22:90:37:90:37:90:Infinity":10,"f:103:17:103:18":5,"s:104:10:104:Infinity":13,"s:105:10:105:Infinity":14,"f:107:16:107:17":6,"s:108:10:108:Infinity":15,"s:109:10:109:Infinity":16,"f:117:9:117:20":7,"s:118:16:118:Infinity":17,"b:121:4:122:Infinity:123:4:124:Infinity:125:4:126:Infinity:127:4:128:Infinity:129:4:130:Infinity":11,"s:120:2:131:Infinity":18,"s:122:6:122:Infinity":19,"s:124:6:124:Infinity":20,"s:126:6:126:Infinity":21,"s:128:6:128:Infinity":22,"s:130:6:130:Infinity":23,"s:134:23:134:Infinity":24,"f:136:24:136:33":8,"s:137:16:137:Infinity":25,"f:137:37:137:38":9,"s:137:44:137:71":26,"s:139:23:156:Infinity":27,"f:139:23:139:24":10,"s:140:4:140:Infinity":28,"s:141:17:141:Infinity":29,"s:142:17:142:Infinity":30,"s:145:23:145:Infinity":31,"b:146:4:148:Infinity:undefined:undefined:undefined:undefined":12,"s:146:4:148:Infinity":32,"s:147:6:147:Infinity":33,"s:150:44:150:Infinity":34,"s:151:4:153:Infinity":35,"f:151:17:151:18":11,"s:152:6:152:Infinity":36,"s:155:4:155:Infinity":37,"s:159:21:162:Infinity":38,"f:160:4:160:5":12,"s:161:6:161:Infinity":39,"s:163:17:163:Infinity":40,"f:163:35:163:36":13,"s:163:42:163:72":41,"s:164:17:166:Infinity":42,"f:165:4:165:5":14,"s:165:11:165:Infinity":43,"b:165:11:165:45:165:45:165:79:165:79:165:Infinity":13,"s:167:18:169:Infinity":44,"f:168:4:168:5":15,"s:168:11:168:Infinity":45,"b:168:11:168:45:168:45:168:Infinity":14,"s:171:2:183:Infinity":46,"b:177:8:179:Infinity:181:8:181:Infinity":15},"fnNames":{}}}
,"/home/jeremy/projects/the-bell/web/src/components/ImageLightbox.tsx": {"path":"/home/jeremy/projects/the-bell/web/src/components/ImageLightbox.tsx","statementMap":{"0":{"start":{"line":10,"column":2},"end":{"line":16,"column":null}},"1":{"start":{"line":11,"column":22},"end":{"line":13,"column":null}},"2":{"start":{"line":12,"column":6},"end":{"line":12,"column":null}},"3":{"start":{"line":12,"column":30},"end":{"line":12,"column":null}},"4":{"start":{"line":14,"column":4},"end":{"line":14,"column":null}},"5":{"start":{"line":15,"column":4},"end":{"line":15,"column":null}},"6":{"start":{"line":15,"column":17},"end":{"line":15,"column":null}},"7":{"start":{"line":18,"column":2},"end":{"line":29,"column":null}},"8":{"start":{"line":27,"column":24},"end":{"line":27,"column":null}}},"fnMap":{"0":{"name":"ImageLightbox","decl":{"start":{"line":9,"column":16},"end":{"line":9,"column":30}},"loc":{"start":{"line":9,"column":73},"end":{"line":31,"column":null}},"line":9},"1":{"name":"(anonymous_1)","decl":{"start":{"line":10,"column":12},"end":{"line":10,"column":18}},"loc":{"start":{"line":10,"column":18},"end":{"line":16,"column":5}},"line":10},"2":{"name":"(anonymous_2)","decl":{"start":{"line":11,"column":22},"end":{"line":11,"column":23}},"loc":{"start":{"line":11,"column":44},"end":{"line":13,"column":null}},"line":11},"3":{"name":"(anonymous_3)","decl":{"start":{"line":15,"column":11},"end":{"line":15,"column":17}},"loc":{"start":{"line":15,"column":17},"end":{"line":15,"column":null}},"line":15},"4":{"name":"(anonymous_4)","decl":{"start":{"line":27,"column":17},"end":{"line":27,"column":18}},"loc":{"start":{"line":27,"column":24},"end":{"line":27,"column":null}},"line":27}},"branchMap":{"0":{"loc":{"start":{"line":12,"column":6},"end":{"line":12,"column":null}},"type":"if","locations":[{"start":{"line":12,"column":6},"end":{"line":12,"column":null}},{"start":{},"end":{}}],"line":12},"1":{"loc":{"start":{"line":25,"column":13},"end":{"line":25,"column":null}},"type":"binary-expr","locations":[{"start":{"line":25,"column":13},"end":{"line":25,"column":20}},{"start":{"line":25,"column":20},"end":{"line":25,"column":null}}],"line":25}},"s":{"0":0,"1":0,"2":0,"3":0,"4":0,"5":0,"6":0,"7":0,"8":0},"f":{"0":0,"1":0,"2":0,"3":0,"4":0},"b":{"0":[0,0],"1":[0,0]},"meta":{"lastBranch":2,"lastFunction":5,"lastStatement":9,"seen":{"f:9:16:9:30":0,"s:10:2:16:Infinity":0,"f:10:12:10:18":1,"s:11:22:13:Infinity":1,"f:11:22:11:23":2,"b:12:6:12:Infinity:undefined:undefined:undefined:undefined":0,"s:12:6:12:Infinity":2,"s:12:30:12:Infinity":3,"s:14:4:14:Infinity":4,"s:15:4:15:Infinity":5,"f:15:11:15:17":3,"s:15:17:15:Infinity":6,"s:18:2:29:Infinity":7,"b:25:13:25:20:25:20:25:Infinity":1,"f:27:17:27:18":4,"s:27:24:27:Infinity":8},"fnNames":{}}}
,"/home/jeremy/projects/the-bell/web/src/components/NewPostsBanner.tsx": {"path":"/home/jeremy/projects/the-bell/web/src/components/NewPostsBanner.tsx","statementMap":{"0":{"start":{"line":7,"column":2},"end":{"line":7,"column":null}},"1":{"start":{"line":7,"column":19},"end":{"line":7,"column":null}},"2":{"start":{"line":9,"column":2},"end":{"line":17,"column":null}}},"fnMap":{"0":{"name":"NewPostsBanner","decl":{"start":{"line":6,"column":16},"end":{"line":6,"column":31}},"loc":{"start":{"line":6,"column":72},"end":{"line":19,"column":null}},"line":6}},"branchMap":{"0":{"loc":{"start":{"line":7,"column":2},"end":{"line":7,"column":null}},"type":"if","locations":[{"start":{"line":7,"column":2},"end":{"line":7,"column":null}},{"start":{},"end":{}}],"line":7},"1":{"loc":{"start":{"line":16,"column":19},"end":{"line":16,"column":null}},"type":"cond-expr","locations":[{"start":{"line":16,"column":33},"end":{"line":16,"column":42}},{"start":{"line":16,"column":42},"end":{"line":16,"column":null}}],"line":16}},"s":{"0":0,"1":0,"2":0},"f":{"0":0},"b":{"0":[0,0],"1":[0,0]},"meta":{"lastBranch":2,"lastFunction":1,"lastStatement":3,"seen":{"f:6:16:6:31":0,"b:7:2:7:Infinity:undefined:undefined:undefined:undefined":0,"s:7:2:7:Infinity":0,"s:7:19:7:Infinity":1,"s:9:2:17:Infinity":2,"b:16:33:16:42:16:42:16:Infinity":1},"fnNames":{}}}
,"/home/jeremy/projects/the-bell/web/src/components/PostCard.tsx": {"path":"/home/jeremy/projects/the-bell/web/src/components/PostCard.tsx","statementMap":{"0":{"start":{"line":9,"column":23},"end":{"line":9,"column":null}},"1":{"start":{"line":16,"column":30},"end":{"line":16,"column":null}},"2":{"start":{"line":17,"column":21},"end":{"line":17,"column":null}},"3":{"start":{"line":19,"column":2},"end":{"line":85,"column":null}},"4":{"start":{"line":27,"column":28},"end":{"line":27,"column":null}},"5":{"start":{"line":28,"column":28},"end":{"line":28,"column":null}},"6":{"start":{"line":36,"column":32},"end":{"line":36,"column":null}},"7":{"start":{"line":37,"column":32},"end":{"line":37,"column":null}},"8":{"start":{"line":65,"column":27},"end":{"line":65,"column":null}},"9":{"start":{"line":69,"column":64},"end":{"line":69,"column":84}},"10":{"start":{"line":76,"column":10},"end":{"line":82,"column":null}}},"fnMap":{"0":{"name":"PostCard","decl":{"start":{"line":15,"column":24},"end":{"line":15,"column":33}},"loc":{"start":{"line":15,"column":58},"end":{"line":87,"column":null}},"line":15},"1":{"name":"(anonymous_1)","decl":{"start":{"line":27,"column":20},"end":{"line":27,"column":21}},"loc":{"start":{"line":27,"column":28},"end":{"line":27,"column":null}},"line":27},"2":{"name":"(anonymous_2)","decl":{"start":{"line":28,"column":20},"end":{"line":28,"column":21}},"loc":{"start":{"line":28,"column":28},"end":{"line":28,"column":null}},"line":28},"3":{"name":"(anonymous_3)","decl":{"start":{"line":36,"column":24},"end":{"line":36,"column":25}},"loc":{"start":{"line":36,"column":32},"end":{"line":36,"column":null}},"line":36},"4":{"name":"(anonymous_4)","decl":{"start":{"line":37,"column":24},"end":{"line":37,"column":25}},"loc":{"start":{"line":37,"column":32},"end":{"line":37,"column":null}},"line":37},"5":{"name":"(anonymous_5)","decl":{"start":{"line":65,"column":21},"end":{"line":65,"column":27}},"loc":{"start":{"line":65,"column":27},"end":{"line":65,"column":null}},"line":65},"6":{"name":"(anonymous_6)","decl":{"start":{"line":69,"column":58},"end":{"line":69,"column":64}},"loc":{"start":{"line":69,"column":64},"end":{"line":69,"column":84}},"line":69},"7":{"name":"(anonymous_7)","decl":{"start":{"line":75,"column":28},"end":{"line":75,"column":29}},"loc":{"start":{"line":76,"column":10},"end":{"line":82,"column":null}},"line":76}},"branchMap":{"0":{"loc":{"start":{"line":17,"column":21},"end":{"line":17,"column":null}},"type":"binary-expr","locations":[{"start":{"line":17,"column":21},"end":{"line":17,"column":49}},{"start":{"line":17,"column":49},"end":{"line":17,"column":null}}],"line":17},"1":{"loc":{"start":{"line":31,"column":21},"end":{"line":31,"column":51}},"type":"binary-expr","locations":[{"start":{"line":31,"column":21},"end":{"line":31,"column":47}},{"start":{"line":31,"column":47},"end":{"line":31,"column":51}}],"line":31},"2":{"loc":{"start":{"line":48,"column":11},"end":{"line":48,"column":null}},"type":"binary-expr","locations":[{"start":{"line":48,"column":11},"end":{"line":48,"column":29}},{"start":{"line":48,"column":29},"end":{"line":48,"column":null}}],"line":48},"3":{"loc":{"start":{"line":59,"column":7},"end":{"line":71,"column":null}},"type":"binary-expr","locations":[{"start":{"line":59,"column":7},"end":{"line":59,"column":null}},{"start":{"line":60,"column":8},"end":{"line":71,"column":null}}],"line":59},"4":{"loc":{"start":{"line":68,"column":11},"end":{"line":69,"column":null}},"type":"binary-expr","locations":[{"start":{"line":68,"column":11},"end":{"line":68,"column":null}},{"start":{"line":69,"column":12},"end":{"line":69,"column":null}}],"line":68},"5":{"loc":{"start":{"line":80,"column":19},"end":{"line":80,"column":null}},"type":"binary-expr","locations":[{"start":{"line":80,"column":19},"end":{"line":80,"column":51}},{"start":{"line":80,"column":51},"end":{"line":80,"column":null}}],"line":80},"6":{"loc":{"start":{"line":81,"column":20},"end":{"line":81,"column":null}},"type":"binary-expr","locations":[{"start":{"line":81,"column":20},"end":{"line":81,"column":59}},{"start":{"line":81,"column":59},"end":{"line":81,"column":null}}],"line":81}},"s":{"0":0,"1":0,"2":0,"3":0,"4":0,"5":0,"6":0,"7":0,"8":0,"9":0,"10":0},"f":{"0":0,"1":0,"2":0,"3":0,"4":0,"5":0,"6":0,"7":0},"b":{"0":[0,0],"1":[0,0],"2":[0,0],"3":[0,0],"4":[0,0],"5":[0,0],"6":[0,0]},"meta":{"lastBranch":7,"lastFunction":8,"lastStatement":11,"seen":{"s:9:23:9:Infinity":0,"f:15:24:15:33":0,"s:16:30:16:Infinity":1,"s:17:21:17:Infinity":2,"b:17:21:17:49:17:49:17:Infinity":0,"s:19:2:85:Infinity":3,"f:27:20:27:21":1,"s:27:28:27:Infinity":4,"f:28:20:28:21":2,"s:28:28:28:Infinity":5,"b:31:21:31:47:31:47:31:51":1,"f:36:24:36:25":3,"s:36:32:36:Infinity":6,"f:37:24:37:25":4,"s:37:32:37:Infinity":7,"b:48:11:48:29:48:29:48:Infinity":2,"b:59:7:59:Infinity:60:8:71:Infinity":3,"f:65:21:65:27":5,"s:65:27:65:Infinity":8,"b:68:11:68:Infinity:69:12:69:Infinity":4,"f:69:58:69:64":6,"s:69:64:69:84":9,"f:75:28:75:29":7,"s:76:10:82:Infinity":10,"b:80:19:80:51:80:51:80:Infinity":5,"b:81:20:81:59:81:59:81:Infinity":6},"fnNames":{}}}
,"/home/jeremy/projects/the-bell/web/src/components/ReactionButton.tsx": {"path":"/home/jeremy/projects/the-bell/web/src/components/ReactionButton.tsx","statementMap":{"0":{"start":{"line":4,"column":47},"end":{"line":8,"column":null}},"1":{"start":{"line":18,"column":34},"end":{"line":18,"column":null}},"2":{"start":{"line":19,"column":36},"end":{"line":19,"column":null}},"3":{"start":{"line":20,"column":30},"end":{"line":20,"column":null}},"4":{"start":{"line":22,"column":8},"end":{"line":44,"column":null}},"5":{"start":{"line":23,"column":4},"end":{"line":23,"column":null}},"6":{"start":{"line":23,"column":18},"end":{"line":23,"column":null}},"7":{"start":{"line":24,"column":4},"end":{"line":24,"column":null}},"8":{"start":{"line":27,"column":22},"end":{"line":27,"column":null}},"9":{"start":{"line":28,"column":4},"end":{"line":28,"column":null}},"10":{"start":{"line":29,"column":4},"end":{"line":29,"column":null}},"11":{"start":{"line":29,"column":26},"end":{"line":29,"column":52}},"12":{"start":{"line":31,"column":4},"end":{"line":43,"column":null}},"13":{"start":{"line":32,"column":6},"end":{"line":36,"column":null}},"14":{"start":{"line":33,"column":8},"end":{"line":33,"column":null}},"15":{"start":{"line":35,"column":8},"end":{"line":35,"column":null}},"16":{"start":{"line":39,"column":6},"end":{"line":39,"column":null}},"17":{"start":{"line":40,"column":6},"end":{"line":40,"column":null}},"18":{"start":{"line":40,"column":28},"end":{"line":40,"column":54}},"19":{"start":{"line":42,"column":6},"end":{"line":42,"column":null}},"20":{"start":{"line":46,"column":16},"end":{"line":46,"column":null}},"21":{"start":{"line":48,"column":2},"end":{"line":67,"column":null}},"22":{"start":{"line":59,"column":8},"end":{"line":59,"column":null}},"23":{"start":{"line":59,"column":26},"end":{"line":59,"column":null}},"24":{"start":{"line":62,"column":8},"end":{"line":62,"column":null}},"25":{"start":{"line":62,"column":26},"end":{"line":62,"column":null}}},"fnMap":{"0":{"name":"ReactionButton","decl":{"start":{"line":17,"column":24},"end":{"line":17,"column":39}},"loc":{"start":{"line":17,"column":108},"end":{"line":69,"column":null}},"line":17},"1":{"name":"(anonymous_1)","decl":{"start":{"line":22,"column":29},"end":{"line":22,"column":41}},"loc":{"start":{"line":22,"column":41},"end":{"line":44,"column":5}},"line":22},"2":{"name":"(anonymous_2)","decl":{"start":{"line":29,"column":18},"end":{"line":29,"column":19}},"loc":{"start":{"line":29,"column":26},"end":{"line":29,"column":52}},"line":29},"3":{"name":"(anonymous_3)","decl":{"start":{"line":40,"column":20},"end":{"line":40,"column":21}},"loc":{"start":{"line":40,"column":28},"end":{"line":40,"column":54}},"line":40},"4":{"name":"(anonymous_4)","decl":{"start":{"line":58,"column":20},"end":{"line":58,"column":21}},"loc":{"start":{"line":58,"column":27},"end":{"line":60,"column":null}},"line":58},"5":{"name":"(anonymous_5)","decl":{"start":{"line":61,"column":20},"end":{"line":61,"column":21}},"loc":{"start":{"line":61,"column":27},"end":{"line":63,"column":null}},"line":61}},"branchMap":{"0":{"loc":{"start":{"line":23,"column":4},"end":{"line":23,"column":null}},"type":"if","locations":[{"start":{"line":23,"column":4},"end":{"line":23,"column":null}},{"start":{},"end":{}}],"line":23},"1":{"loc":{"start":{"line":29,"column":26},"end":{"line":29,"column":52}},"type":"cond-expr","locations":[{"start":{"line":29,"column":38},"end":{"line":29,"column":46}},{"start":{"line":29,"column":46},"end":{"line":29,"column":52}}],"line":29},"2":{"loc":{"start":{"line":32,"column":6},"end":{"line":36,"column":null}},"type":"if","locations":[{"start":{"line":32,"column":6},"end":{"line":36,"column":null}},{"start":{"line":34,"column":13},"end":{"line":36,"column":null}}],"line":32},"3":{"loc":{"start":{"line":40,"column":28},"end":{"line":40,"column":54}},"type":"cond-expr","locations":[{"start":{"line":40,"column":40},"end":{"line":40,"column":48}},{"start":{"line":40,"column":48},"end":{"line":40,"column":54}}],"line":40},"4":{"loc":{"start":{"line":46,"column":16},"end":{"line":46,"column":null}},"type":"binary-expr","locations":[{"start":{"line":46,"column":16},"end":{"line":46,"column":40}},{"start":{"line":46,"column":40},"end":{"line":46,"column":null}}],"line":46},"5":{"loc":{"start":{"line":55,"column":25},"end":{"line":55,"column":null}},"type":"cond-expr","locations":[{"start":{"line":55,"column":39},"end":{"line":55,"column":70}},{"start":{"line":55,"column":70},"end":{"line":55,"column":null}}],"line":55},"6":{"loc":{"start":{"line":56,"column":15},"end":{"line":56,"column":null}},"type":"cond-expr","locations":[{"start":{"line":56,"column":29},"end":{"line":56,"column":54}},{"start":{"line":56,"column":54},"end":{"line":56,"column":null}}],"line":56},"7":{"loc":{"start":{"line":59,"column":8},"end":{"line":59,"column":null}},"type":"if","locations":[{"start":{"line":59,"column":8},"end":{"line":59,"column":null}},{"start":{},"end":{}}],"line":59},"8":{"loc":{"start":{"line":62,"column":8},"end":{"line":62,"column":null}},"type":"if","locations":[{"start":{"line":62,"column":8},"end":{"line":62,"column":null}},{"start":{},"end":{}}],"line":62},"9":{"loc":{"start":{"line":66,"column":7},"end":{"line":66,"column":null}},"type":"binary-expr","locations":[{"start":{"line":66,"column":7},"end":{"line":66,"column":25}},{"start":{"line":66,"column":25},"end":{"line":66,"column":null}}],"line":66}},"s":{"0":0,"1":0,"2":0,"3":0,"4":0,"5":0,"6":0,"7":0,"8":0,"9":0,"10":0,"11":0,"12":0,"13":0,"14":0,"15":0,"16":0,"17":0,"18":0,"19":0,"20":0,"21":0,"22":0,"23":0,"24":0,"25":0},"f":{"0":0,"1":0,"2":0,"3":0,"4":0,"5":0},"b":{"0":[0,0],"1":[0,0],"2":[0,0],"3":[0,0],"4":[0,0],"5":[0,0],"6":[0,0],"7":[0,0],"8":[0,0],"9":[0,0]},"meta":{"lastBranch":10,"lastFunction":6,"lastStatement":26,"seen":{"s:4:47:8:Infinity":0,"f:17:24:17:39":0,"s:18:34:18:Infinity":1,"s:19:36:19:Infinity":2,"s:20:30:20:Infinity":3,"s:22:8:44:Infinity":4,"f:22:29:22:41":1,"b:23:4:23:Infinity:undefined:undefined:undefined:undefined":0,"s:23:4:23:Infinity":5,"s:23:18:23:Infinity":6,"s:24:4:24:Infinity":7,"s:27:22:27:Infinity":8,"s:28:4:28:Infinity":9,"s:29:4:29:Infinity":10,"f:29:18:29:19":2,"s:29:26:29:52":11,"b:29:38:29:46:29:46:29:52":1,"s:31:4:43:Infinity":12,"b:32:6:36:Infinity:34:13:36:Infinity":2,"s:32:6:36:Infinity":13,"s:33:8:33:Infinity":14,"s:35:8:35:Infinity":15,"s:39:6:39:Infinity":16,"s:40:6:40:Infinity":17,"f:40:20:40:21":3,"s:40:28:40:54":18,"b:40:40:40:48:40:48:40:54":3,"s:42:6:42:Infinity":19,"s:46:16:46:Infinity":20,"b:46:16:46:40:46:40:46:Infinity":4,"s:48:2:67:Infinity":21,"b:55:39:55:70:55:70:55:Infinity":5,"b:56:29:56:54:56:54:56:Infinity":6,"f:58:20:58:21":4,"b:59:8:59:Infinity:undefined:undefined:undefined:undefined":7,"s:59:8:59:Infinity":22,"s:59:26:59:Infinity":23,"f:61:20:61:21":5,"b:62:8:62:Infinity:undefined:undefined:undefined:undefined":8,"s:62:8:62:Infinity":24,"s:62:26:62:Infinity":25,"b:66:7:66:25:66:25:66:Infinity":9},"fnNames":{}}}
,"/home/jeremy/projects/the-bell/web/src/components/ReportCard.tsx": {"path":"/home/jeremy/projects/the-bell/web/src/components/ReportCard.tsx","statementMap":{"0":{"start":{"line":21,"column":22},"end":{"line":21,"column":null}},"1":{"start":{"line":22,"column":32},"end":{"line":22,"column":null}},"2":{"start":{"line":23,"column":34},"end":{"line":23,"column":null}},"3":{"start":{"line":24,"column":38},"end":{"line":24,"column":null}},"4":{"start":{"line":26,"column":2},"end":{"line":31,"column":null}},"5":{"start":{"line":27,"column":4},"end":{"line":30,"column":null}},"6":{"start":{"line":30,"column":19},"end":{"line":30,"column":37}},"7":{"start":{"line":34,"column":4},"end":{"line":34,"column":null}},"8":{"start":{"line":35,"column":4},"end":{"line":35,"column":null}},"9":{"start":{"line":36,"column":4},"end":{"line":48,"column":null}},"10":{"start":{"line":37,"column":6},"end":{"line":37,"column":null}},"11":{"start":{"line":38,"column":6},"end":{"line":38,"column":null}},"12":{"start":{"line":40,"column":21},"end":{"line":40,"column":null}},"13":{"start":{"line":42,"column":6},"end":{"line":46,"column":null}},"14":{"start":{"line":43,"column":8},"end":{"line":43,"column":null}},"15":{"start":{"line":45,"column":8},"end":{"line":45,"column":null}},"16":{"start":{"line":47,"column":6},"end":{"line":47,"column":null}},"17":{"start":{"line":51,"column":20},"end":{"line":51,"column":null}},"18":{"start":{"line":53,"column":2},"end":{"line":175,"column":null}},"19":{"start":{"line":148,"column":13},"end":{"line":148,"column":null}},"20":{"start":{"line":151,"column":13},"end":{"line":151,"column":null}},"21":{"start":{"line":158,"column":27},"end":{"line":158,"column":null}},"22":{"start":{"line":165,"column":15},"end":{"line":165,"column":null}},"23":{"start":{"line":168,"column":15},"end":{"line":168,"column":null}}},"fnMap":{"0":{"name":"ReportCard","decl":{"start":{"line":15,"column":24},"end":{"line":15,"column":35}},"loc":{"start":{"line":20,"column":20},"end":{"line":177,"column":null}},"line":20},"1":{"name":"(anonymous_1)","decl":{"start":{"line":26,"column":12},"end":{"line":26,"column":18}},"loc":{"start":{"line":26,"column":18},"end":{"line":31,"column":5}},"line":26},"2":{"name":"(anonymous_2)","decl":{"start":{"line":30,"column":13},"end":{"line":30,"column":19}},"loc":{"start":{"line":30,"column":19},"end":{"line":30,"column":37}},"line":30},"3":{"name":"handleDismiss","decl":{"start":{"line":33,"column":17},"end":{"line":33,"column":33}},"loc":{"start":{"line":33,"column":33},"end":{"line":49,"column":null}},"line":33},"4":{"name":"(anonymous_4)","decl":{"start":{"line":147,"column":24},"end":{"line":147,"column":25}},"loc":{"start":{"line":147,"column":31},"end":{"line":149,"column":null}},"line":147},"5":{"name":"(anonymous_5)","decl":{"start":{"line":150,"column":24},"end":{"line":150,"column":25}},"loc":{"start":{"line":150,"column":31},"end":{"line":152,"column":null}},"line":150},"6":{"name":"(anonymous_6)","decl":{"start":{"line":158,"column":21},"end":{"line":158,"column":27}},"loc":{"start":{"line":158,"column":27},"end":{"line":158,"column":null}},"line":158},"7":{"name":"(anonymous_7)","decl":{"start":{"line":164,"column":26},"end":{"line":164,"column":27}},"loc":{"start":{"line":164,"column":33},"end":{"line":166,"column":null}},"line":164},"8":{"name":"(anonymous_8)","decl":{"start":{"line":167,"column":26},"end":{"line":167,"column":27}},"loc":{"start":{"line":167,"column":33},"end":{"line":169,"column":null}},"line":167}},"branchMap":{"0":{"loc":{"start":{"line":42,"column":6},"end":{"line":46,"column":null}},"type":"if","locations":[{"start":{"line":42,"column":6},"end":{"line":46,"column":null}},{"start":{"line":44,"column":13},"end":{"line":46,"column":null}}],"line":42},"1":{"loc":{"start":{"line":45,"column":24},"end":{"line":45,"column":66}},"type":"binary-expr","locations":[{"start":{"line":45,"column":24},"end":{"line":45,"column":40}},{"start":{"line":45,"column":40},"end":{"line":45,"column":66}}],"line":45},"2":{"loc":{"start":{"line":93,"column":9},"end":{"line":121,"column":null}},"type":"cond-expr","locations":[{"start":{"line":94,"column":10},"end":{"line":96,"column":null}},{"start":{"line":97,"column":12},"end":{"line":121,"column":null}}],"line":93},"3":{"loc":{"start":{"line":97,"column":12},"end":{"line":121,"column":null}},"type":"cond-expr","locations":[{"start":{"line":98,"column":10},"end":{"line":117,"column":null}},{"start":{"line":119,"column":10},"end":{"line":121,"column":null}}],"line":97},"4":{"loc":{"start":{"line":131,"column":7},"end":{"line":134,"column":null}},"type":"binary-expr","locations":[{"start":{"line":131,"column":7},"end":{"line":131,"column":null}},{"start":{"line":132,"column":8},"end":{"line":134,"column":null}}],"line":131},"5":{"loc":{"start":{"line":154,"column":11},"end":{"line":154,"column":null}},"type":"cond-expr","locations":[{"start":{"line":154,"column":24},"end":{"line":154,"column":42}},{"start":{"line":154,"column":42},"end":{"line":154,"column":null}}],"line":154},"6":{"loc":{"start":{"line":156,"column":9},"end":{"line":172,"column":null}},"type":"binary-expr","locations":[{"start":{"line":156,"column":9},"end":{"line":156,"column":17}},{"start":{"line":156,"column":17},"end":{"line":156,"column":null}},{"start":{"line":157,"column":10},"end":{"line":172,"column":null}}],"line":156}},"s":{"0":0,"1":0,"2":0,"3":0,"4":0,"5":0,"6":0,"7":0,"8":0,"9":0,"10":0,"11":0,"12":0,"13":0,"14":0,"15":0,"16":0,"17":0,"18":0,"19":0,"20":0,"21":0,"22":0,"23":0},"f":{"0":0,"1":0,"2":0,"3":0,"4":0,"5":0,"6":0,"7":0,"8":0},"b":{"0":[0,0],"1":[0,0],"2":[0,0],"3":[0,0],"4":[0,0],"5":[0,0],"6":[0,0,0]},"meta":{"lastBranch":7,"lastFunction":9,"lastStatement":24,"seen":{"f:15:24:15:35":0,"s:21:22:21:Infinity":0,"s:22:32:22:Infinity":1,"s:23:34:23:Infinity":2,"s:24:38:24:Infinity":3,"s:26:2:31:Infinity":4,"f:26:12:26:18":1,"s:27:4:30:Infinity":5,"f:30:13:30:19":2,"s:30:19:30:37":6,"f:33:17:33:33":3,"s:34:4:34:Infinity":7,"s:35:4:35:Infinity":8,"s:36:4:48:Infinity":9,"s:37:6:37:Infinity":10,"s:38:6:38:Infinity":11,"s:40:21:40:Infinity":12,"b:42:6:46:Infinity:44:13:46:Infinity":0,"s:42:6:46:Infinity":13,"s:43:8:43:Infinity":14,"s:45:8:45:Infinity":15,"b:45:24:45:40:45:40:45:66":1,"s:47:6:47:Infinity":16,"s:51:20:51:Infinity":17,"s:53:2:175:Infinity":18,"b:94:10:96:Infinity:97:12:121:Infinity":2,"b:98:10:117:Infinity:119:10:121:Infinity":3,"b:131:7:131:Infinity:132:8:134:Infinity":4,"f:147:24:147:25":4,"s:148:13:148:Infinity":19,"f:150:24:150:25":5,"s:151:13:151:Infinity":20,"b:154:24:154:42:154:42:154:Infinity":5,"b:156:9:156:17:156:17:156:Infinity:157:10:172:Infinity":6,"f:158:21:158:27":6,"s:158:27:158:Infinity":21,"f:164:26:164:27":7,"s:165:15:165:Infinity":22,"f:167:26:167:27":8,"s:168:15:168:Infinity":23},"fnNames":{}}}
[...]
,"/home/jeremy/projects/the-bell/web/src/pages/auth/Login.tsx": {"path":"/home/jeremy/projects/the-bell/web/src/pages/auth/Login.tsx","statementMap":{"0":{"start":{"line":10,"column":42},"end":{"line":10,"column":null}},"1":{"start":{"line":11,"column":25},"end":{"line":11,"column":null}},"2":{"start":{"line":12,"column":8},"end":{"line":12,"column":null}},"3":{"start":{"line":13,"column":8},"end":{"line":13,"column":null}},"4":{"start":{"line":15,"column":20},"end":{"line":15,"column":null}},"5":{"start":{"line":17,"column":23},"end":{"line":23,"column":null}},"6":{"start":{"line":18,"column":19},"end":{"line":18,"column":null}},"7":{"start":{"line":19,"column":4},"end":{"line":22,"column":null}},"8":{"start":{"line":20,"column":6},"end":{"line":20,"column":null}},"9":{"start":{"line":21,"column":6},"end":{"line":21,"column":null}},"10":{"start":{"line":25,"column":2},"end":{"line":53,"column":null}}},"fnMap":{"0":{"name":"Login","decl":{"start":{"line":9,"column":24},"end":{"line":9,"column":32}},"loc":{"start":{"line":9,"column":32},"end":{"line":55,"column":null}},"line":9},"1":{"name":"(anonymous_1)","decl":{"start":{"line":17,"column":23},"end":{"line":17,"column":30}},"loc":{"start":{"line":17,"column":66},"end":{"line":23,"column":null}},"line":17}},"branchMap":{"0":{"loc":{"start":{"line":15,"column":20},"end":{"line":15,"column":null}},"type":"binary-expr","locations":[{"start":{"line":15,"column":20},"end":{"line":15,"column":90}},{"start":{"line":15,"column":90},"end":{"line":15,"column":null}}],"line":15},"1":{"loc":{"start":{"line":19,"column":4},"end":{"line":22,"column":null}},"type":"if","locations":[{"start":{"line":19,"column":4},"end":{"line":22,"column":null}},{"start":{},"end":{}}],"line":19},"2":{"loc":{"start":{"line":41,"column":7},"end":{"line":44,"column":null}},"type":"binary-expr","locations":[{"start":{"line":41,"column":7},"end":{"line":41,"column":null}},{"start":{"line":42,"column":8},"end":{"line":44,"column":null}}],"line":41},"3":{"loc":{"start":{"line":46,"column":7},"end":{"line":51,"column":null}},"type":"cond-expr","locations":[{"start":{"line":47,"column":8},"end":{"line":47,"column":null}},{"start":{"line":49,"column":8},"end":{"line":51,"column":null}}],"line":46}},"s":{"0":0,"1":0,"2":0,"3":0,"4":0,"5":0,"6":0,"7":0,"8":0,"9":0,"10":0},"f":{"0":0,"1":0},"b":{"0":[0,0],"1":[0,0],"2":[0,0],"3":[0,0]},"meta":{"lastBranch":4,"lastFunction":2,"lastStatement":11,"seen":{"f:9:24:9:32":0,"s:10:42:10:Infinity":0,"s:11:25:11:Infinity":1,"s:12:8:12:Infinity":2,"s:13:8:13:Infinity":3,"s:15:20:15:Infinity":4,"b:15:20:15:90:15:90:15:Infinity":0,"s:17:23:23:Infinity":5,"f:17:23:17:30":1,"s:18:19:18:Infinity":6,"b:19:4:22:Infinity:undefined:undefined:undefined:undefined":1,"s:19:4:22:Infinity":7,"s:20:6:20:Infinity":8,"s:21:6:21:Infinity":9,"s:25:2:53:Infinity":10,"b:41:7:41:Infinity:42:8:44:Infinity":2,"b:47:8:47:Infinity:49:8:51:Infinity":3},"fnNames":{}}}
,"/home/jeremy/projects/the-bell/web/src/pages/auth/Recovery.tsx": {"path":"/home/jeremy/projects/the-bell/web/src/pages/auth/Recovery.tsx","statementMap":{"0":{"start":{"line":9,"column":42},"end":{"line":9,"column":null}},"1":{"start":{"line":11,"column":23},"end":{"line":15,"column":null}},"2":{"start":{"line":12,"column":4},"end":{"line":12,"column":null}},"3":{"start":{"line":17,"column":2},"end":{"line":39,"column":null}}},"fnMap":{"0":{"name":"Recovery","decl":{"start":{"line":8,"column":24},"end":{"line":8,"column":35}},"loc":{"start":{"line":8,"column":35},"end":{"line":41,"column":null}},"line":8},"1":{"name":"(anonymous_1)","decl":{"start":{"line":11,"column":23},"end":{"line":11,"column":30}},"loc":{"start":{"line":11,"column":66},"end":{"line":15,"column":null}},"line":11}},"branchMap":{"0":{"loc":{"start":{"line":27,"column":7},"end":{"line":30,"column":null}},"type":"binary-expr","locations":[{"start":{"line":27,"column":7},"end":{"line":27,"column":null}},{"start":{"line":28,"column":8},"end":{"line":30,"column":null}}],"line":27},"1":{"loc":{"start":{"line":32,"column":7},"end":{"line":37,"column":null}},"type":"cond-expr","locations":[{"start":{"line":33,"column":8},"end":{"line":33,"column":null}},{"start":{"line":35,"column":8},"end":{"line":37,"column":null}}],"line":32}},"s":{"0":0,"1":0,"2":0,"3":0},"f":{"0":0,"1":0},"b":{"0":[0,0],"1":[0,0]},"meta":{"lastBranch":2,"lastFunction":2,"lastStatement":4,"seen":{"f:8:24:8:35":0,"s:9:42:9:Infinity":0,"s:11:23:15:Infinity":1,"f:11:23:11:30":1,"s:12:4:12:Infinity":2,"s:17:2:39:Infinity":3,"b:27:7:27:Infinity:28:8:30:Infinity":0,"b:33:8:33:Infinity:35:8:37:Infinity":1},"fnNames":{}}}
,"/home/jeremy/projects/the-bell/web/src/pages/auth/Registration.tsx": {"path":"/home/jeremy/projects/the-bell/web/src/pages/auth/Registration.tsx","statementMap":{"0":{"start":{"line":10,"column":42},"end":{"line":10,"column":null}},"1":{"start":{"line":11,"column":25},"end":{"line":11,"column":null}},"2":{"start":{"line":12,"column":8},"end":{"line":12,"column":null}},"3":{"start":{"line":14,"column":23},"end":{"line":20,"column":null}},"4":{"start":{"line":15,"column":19},"end":{"line":15,"column":null}},"5":{"start":{"line":16,"column":4},"end":{"line":19,"column":null}},"6":{"start":{"line":17,"column":6},"end":{"line":17,"column":null}},"7":{"start":{"line":18,"column":6},"end":{"line":18,"column":null}},"8":{"start":{"line":22,"column":2},"end":{"line":44,"column":null}}},"fnMap":{"0":{"name":"Registration","decl":{"start":{"line":9,"column":24},"end":{"line":9,"column":39}},"loc":{"start":{"line":9,"column":39},"end":{"line":46,"column":null}},"line":9},"1":{"name":"(anonymous_1)","decl":{"start":{"line":14,"column":23},"end":{"line":14,"column":30}},"loc":{"start":{"line":14,"column":66},"end":{"line":20,"column":null}},"line":14}},"branchMap":{"0":{"loc":{"start":{"line":16,"column":4},"end":{"line":19,"column":null}},"type":"if","locations":[{"start":{"line":16,"column":4},"end":{"line":19,"column":null}},{"start":{},"end":{}}],"line":16},"1":{"loc":{"start":{"line":32,"column":7},"end":{"line":35,"column":null}},"type":"binary-expr","locations":[{"start":{"line":32,"column":7},"end":{"line":32,"column":null}},{"start":{"line":33,"column":8},"end":{"line":35,"column":null}}],"line":32},"2":{"loc":{"start":{"line":37,"column":7},"end":{"line":42,"column":null}},"type":"cond-expr","locations":[{"start":{"line":38,"column":8},"end":{"line":38,"column":null}},{"start":{"line":40,"column":8},"end":{"line":42,"column":null}}],"line":37}},"s":{"0":0,"1":0,"2":0,"3":0,"4":0,"5":0,"6":0,"7":0,"8":0},"f":{"0":0,"1":0},"b":{"0":[0,0],"1":[0,0],"2":[0,0]},"meta":{"lastBranch":3,"lastFunction":2,"lastStatement":9,"seen":{"f:9:24:9:39":0,"s:10:42:10:Infinity":0,"s:11:25:11:Infinity":1,"s:12:8:12:Infinity":2,"s:14:23:20:Infinity":3,"f:14:23:14:30":1,"s:15:19:15:Infinity":4,"b:16:4:19:Infinity:undefined:undefined:undefined:undefined":0,"s:16:4:19:Infinity":5,"s:17:6:17:Infinity":6,"s:18:6:18:Infinity":7,"s:22:2:44:Infinity":8,"b:32:7:32:Infinity:33:8:35:Infinity":1,"b:38:8:38:Infinity:40:8:42:Infinity":2},"fnNames":{}}}
,"/home/jeremy/projects/the-bell/web/src/pages/auth/Settings.tsx": {"path":"/home/jeremy/projects/the-bell/web/src/pages/auth/Settings.tsx","statementMap":{"0":{"start":{"line":8,"column":42},"end":{"line":8,"column":null}},"1":{"start":{"line":9,"column":28},"end":{"line":9,"column":null}},"2":{"start":{"line":11,"column":23},"end":{"line":17,"column":null}},"3":{"start":{"line":12,"column":4},"end":{"line":12,"column":null}},"4":{"start":{"line":13,"column":19},"end":{"line":13,"column":null}},"5":{"start":{"line":14,"column":4},"end":{"line":16,"column":null}},"6":{"start":{"line":15,"column":6},"end":{"line":15,"column":null}},"7":{"start":{"line":19,"column":2},"end":{"line":55,"column":null}}},"fnMap":{"0":{"name":"Settings","decl":{"start":{"line":7,"column":24},"end":{"line":7,"column":35}},"loc":{"start":{"line":7,"column":35},"end":{"line":57,"column":null}},"line":7},"1":{"name":"(anonymous_1)","decl":{"start":{"line":11,"column":23},"end":{"line":11,"column":30}},"loc":{"start":{"line":11,"column":66},"end":{"line":17,"column":null}},"line":11}},"branchMap":{"0":{"loc":{"start":{"line":14,"column":4},"end":{"line":16,"column":null}},"type":"if","locations":[{"start":{"line":14,"column":4},"end":{"line":16,"column":null}},{"start":{},"end":{}}],"line":14},"1":{"loc":{"start":{"line":36,"column":9},"end":{"line":36,"column":null}},"type":"binary-expr","locations":[{"start":{"line":36,"column":9},"end":{"line":36,"column":18}},{"start":{"line":36,"column":18},"end":{"line":36,"column":null}}],"line":36},"2":{"loc":{"start":{"line":38,"column":9},"end":{"line":44,"column":null}},"type":"binary-expr","locations":[{"start":{"line":38,"column":9},"end":{"line":38,"column":null}},{"start":{"line":39,"column":10},"end":{"line":44,"column":null}}],"line":38},"3":{"loc":{"start":{"line":47,"column":9},"end":{"line":52,"column":null}},"type":"cond-expr","locations":[{"start":{"line":48,"column":10},"end":{"line":48,"column":null}},{"start":{"line":50,"column":10},"end":{"line":52,"column":null}}],"line":47}},"s":{"0":0,"1":0,"2":0,"3":0,"4":0,"5":0,"6":0,"7":0},"f":{"0":0,"1":0},"b":{"0":[0,0],"1":[0,0],"2":[0,0],"3":[0,0]},"meta":{"lastBranch":4,"lastFunction":2,"lastStatement":8,"seen":{"f:7:24:7:35":0,"s:8:42:8:Infinity":0,"s:9:28:9:Infinity":1,"s:11:23:17:Infinity":2,"f:11:23:11:30":1,"s:12:4:12:Infinity":3,"s:13:19:13:Infinity":4,"b:14:4:16:Infinity:undefined:undefined:undefined:undefined":0,"s:14:4:16:Infinity":5,"s:15:6:15:Infinity":6,"s:19:2:55:Infinity":7,"b:36:9:36:18:36:18:36:Infinity":1,"b:38:9:38:Infinity:39:10:44:Infinity":2,"b:48:10:48:Infinity:50:10:52:Infinity":3},"fnNames":{}}}
,"/home/jeremy/projects/the-bell/web/src/pages/auth/Verification.tsx": {"path":"/home/jeremy/projects/the-bell/web/src/pages/auth/Verification.tsx","statementMap":{"0":{"start":{"line":9,"column":42},"end":{"line":9,"column":null}},"1":{"start":{"line":11,"column":23},"end":{"line":14,"column":null}},"2":{"start":{"line":12,"column":4},"end":{"line":12,"column":null}},"3":{"start":{"line":16,"column":2},"end":{"line":38,"column":null}}},"fnMap":{"0":{"name":"Verification","decl":{"start":{"line":8,"column":24},"end":{"line":8,"column":39}},"loc":{"start":{"line":8,"column":39},"end":{"line":40,"column":null}},"line":8},"1":{"name":"(anonymous_1)","decl":{"start":{"line":11,"column":23},"end":{"line":11,"column":30}},"loc":{"start":{"line":11,"column":66},"end":{"line":14,"column":null}},"line":11}},"branchMap":{"0":{"loc":{"start":{"line":26,"column":7},"end":{"line":29,"column":null}},"type":"binary-expr","locations":[{"start":{"line":26,"column":7},"end":{"line":26,"column":null}},{"start":{"line":27,"column":8},"end":{"line":29,"column":null}}],"line":26},"1":{"loc":{"start":{"line":31,"column":7},"end":{"line":36,"column":null}},"type":"cond-expr","locations":[{"start":{"line":32,"column":8},"end":{"line":32,"column":null}},{"start":{"line":34,"column":8},"end":{"line":36,"column":null}}],"line":31}},"s":{"0":0,"1":0,"2":0,"3":0},"f":{"0":0,"1":0},"b":{"0":[0,0],"1":[0,0]},"meta":{"lastBranch":2,"lastFunction":2,"lastStatement":4,"seen":{"f:8:24:8:39":0,"s:9:42:9:Infinity":0,"s:11:23:14:Infinity":1,"f:11:23:11:30":1,"s:12:4:12:Infinity":2,"s:16:2:38:Infinity":3,"b:26:7:26:Infinity:27:8:29:Infinity":0,"b:32:8:32:Infinity:34:8:36:Infinity":1},"fnNames":{}}}
,"/home/jeremy/projects/the-bell/web/src/pages/moderation/Queue.tsx": {"path":"/home/jeremy/projects/the-bell/web/src/pages/moderation/Queue.tsx","statementMap":{"0":{"start":{"line":17,"column":15},"end":{"line":17,"column":null}},"1":{"start":{"line":18,"column":74},"end":{"line":19,"column":null}},"2":{"start":{"line":20,"column":8},"end":{"line":20,"column":null}},"3":{"start":{"line":21,"column":38},"end":{"line":21,"column":null}},"4":{"start":{"line":23,"column":2},"end":{"line":23,"column":null}},"5":{"start":{"line":26,"column":4},"end":{"line":26,"column":null}},"6":{"start":{"line":30,"column":4},"end":{"line":32,"column":null}},"7":{"start":{"line":31,"column":6},"end":{"line":31,"column":null}},"8":{"start":{"line":33,"column":4},"end":{"line":33,"column":null}},"9":{"start":{"line":36,"column":2},"end":{"line":86,"column":null}},"10":{"start":{"line":60,"column":12},"end":{"line":66,"column":null}},"11":{"start":{"line":81,"column":27},"end":{"line":81,"column":null}}},"fnMap":{"0":{"name":"Queue","decl":{"start":{"line":16,"column":24},"end":{"line":16,"column":32}},"loc":{"start":{"line":16,"column":32},"end":{"line":88,"column":null}},"line":16},"1":{"name":"handleTakeAction","decl":{"start":{"line":25,"column":11},"end":{"line":25,"column":28}},"loc":{"start":{"line":25,"column":66},"end":{"line":27,"column":null}},"line":25},"2":{"name":"handleActionTaken","decl":{"start":{"line":29,"column":11},"end":{"line":29,"column":31}},"loc":{"start":{"line":29,"column":31},"end":{"line":34,"column":null}},"line":29},"3":{"name":"(anonymous_3)","decl":{"start":{"line":59,"column":23},"end":{"line":59,"column":24}},"loc":{"start":{"line":60,"column":12},"end":{"line":66,"column":null}},"line":60},"4":{"name":"(anonymous_4)","decl":{"start":{"line":81,"column":21},"end":{"line":81,"column":27}},"loc":{"start":{"line":81,"column":27},"end":{"line":81,"column":null}},"line":81}},"branchMap":{"0":{"loc":{"start":{"line":23,"column":49},"end":{"line":23,"column":68}},"type":"binary-expr","locations":[{"start":{"line":23,"column":49},"end":{"line":23,"column":60}},{"start":{"line":23,"column":60},"end":{"line":23,"column":68}}],"line":23},"1":{"loc":{"start":{"line":30,"column":4},"end":{"line":32,"column":null}},"type":"if","locations":[{"start":{"line":30,"column":4},"end":{"line":32,"column":null}},{"start":{},"end":{}}],"line":30},"2":{"loc":{"start":{"line":48,"column":9},"end":{"line":51,"column":null}},"type":"binary-expr","locations":[{"start":{"line":48,"column":9},"end":{"line":48,"column":null}},{"start":{"line":49,"column":10},"end":{"line":51,"column":null}}],"line":48},"3":{"loc":{"start":{"line":54,"column":9},"end":{"line":55,"column":null}},"type":"binary-expr","locations":[{"start":{"line":54,"column":9},"end":{"line":54,"column":33}},{"start":{"line":54,"column":33},"end":{"line":54,"column":45}},{"start":{"line":54,"column":45},"end":{"line":54,"column":null}},{"start":{"line":55,"column":10},"end":{"line":55,"column":null}}],"line":54},"4":{"loc":{"start":{"line":63,"column":29},"end":{"line":63,"column":null}},"type":"binary-expr","locations":[{"start":{"line":63,"column":29},"end":{"line":63,"column":41}},{"start":{"line":63,"column":41},"end":{"line":63,"column":null}}],"line":63},"5":{"loc":{"start":{"line":70,"column":9},"end":{"line":73,"column":null}},"type":"binary-expr","locations":[{"start":{"line":70,"column":9},"end":{"line":70,"column":null}},{"start":{"line":71,"column":10},"end":{"line":73,"column":null}}],"line":70},"6":{"loc":{"start":{"line":78,"column":9},"end":{"line":83,"column":null}},"type":"binary-expr","locations":[{"start":{"line":78,"column":9},"end":{"line":78,"column":null}},{"start":{"line":79,"column":10},"end":{"line":83,"column":null}}],"line":78}},"s":{"0":0,"1":0,"2":0,"3":0,"4":0,"5":0,"6":0,"7":0,"8":0,"9":0,"10":0,"11":0},"f":{"0":0,"1":0,"2":0,"3":0,"4":0},"b":{"0":[0,0],"1":[0,0],"2":[0,0],"3":[0,0,0,0],"4":[0,0],"5":[0,0],"6":[0,0]},"meta":{"lastBranch":7,"lastFunction":5,"lastStatement":12,"seen":{"f:16:24:16:32":0,"s:17:15:17:Infinity":0,"s:18:74:19:Infinity":1,"s:20:8:20:Infinity":2,"s:21:38:21:Infinity":3,"s:23:2:23:Infinity":4,"b:23:49:23:60:23:60:23:68":0,"f:25:11:25:28":1,"s:26:4:26:Infinity":5,"f:29:11:29:31":2,"b:30:4:32:Infinity:undefined:undefined:undefined:undefined":1,"s:30:4:32:Infinity":6,"s:31:6:31:Infinity":7,"s:33:4:33:Infinity":8,"s:36:2:86:Infinity":9,"b:48:9:48:Infinity:49:10:51:Infinity":2,"b:54:9:54:33:54:33:54:45:54:45:54:Infinity:55:10:55:Infinity":3,"f:59:23:59:24":3,"s:60:12:66:Infinity":10,"b:63:29:63:41:63:41:63:Infinity":4,"b:70:9:70:Infinity:71:10:73:Infinity":5,"b:78:9:78:Infinity:79:10:83:Infinity":6,"f:81:21:81:27":4,"s:81:27:81:Infinity":11},"fnNames":{}}}
,"/home/jeremy/projects/the-bell/web/src/pages/moderation/UserHistory.tsx": {"path":"/home/jeremy/projects/the-bell/web/src/pages/moderation/UserHistory.tsx","statementMap":{"0":{"start":{"line":10,"column":13},"end":{"line":10,"column":null}},"1":{"start":{"line":11,"column":60},"end":{"line":12,"column":null}},"2":{"start":{"line":13,"column":8},"end":{"line":13,"column":null}},"3":{"start":{"line":15,"column":2},"end":{"line":15,"column":null}},"4":{"start":{"line":17,"column":2},"end":{"line":58,"column":null}},"5":{"start":{"line":46,"column":12},"end":{"line":46,"column":null}}},"fnMap":{"0":{"name":"UserHistory","decl":{"start":{"line":9,"column":24},"end":{"line":9,"column":38}},"loc":{"start":{"line":9,"column":38},"end":{"line":60,"column":null}},"line":9},"1":{"name":"(anonymous_1)","decl":{"start":{"line":45,"column":23},"end":{"line":45,"column":24}},"loc":{"start":{"line":46,"column":12},"end":{"line":46,"column":null}},"line":46}},"branchMap":{"0":{"loc":{"start":{"line":15,"column":49},"end":{"line":15,"column":68}},"type":"binary-expr","locations":[{"start":{"line":15,"column":49},"end":{"line":15,"column":60}},{"start":{"line":15,"column":60},"end":{"line":15,"column":68}}],"line":15},"1":{"loc":{"start":{"line":32,"column":9},"end":{"line":35,"column":null}},"type":"binary-expr","locations":[{"start":{"line":32,"column":9},"end":{"line":32,"column":null}},{"start":{"line":33,"column":10},"end":{"line":35,"column":null}}],"line":32},"2":{"loc":{"start":{"line":38,"column":9},"end":{"line":41,"column":null}},"type":"binary-expr","locations":[{"start":{"line":38,"column":9},"end":{"line":38,"column":33}},{"start":{"line":38,"column":33},"end":{"line":38,"column":45}},{"start":{"line":38,"column":45},"end":{"line":38,"column":null}},{"start":{"line":39,"column":10},"end":{"line":41,"column":null}}],"line":38},"3":{"loc":{"start":{"line":50,"column":9},"end":{"line":53,"column":null}},"type":"binary-expr","locations":[{"start":{"line":50,"column":9},"end":{"line":50,"column":null}},{"start":{"line":51,"column":10},"end":{"line":53,"column":null}}],"line":50}},"s":{"0":0,"1":0,"2":0,"3":0,"4":0,"5":0},"f":{"0":0,"1":0},"b":{"0":[0,0],"1":[0,0],"2":[0,0,0,0],"3":[0,0]},"meta":{"lastBranch":4,"lastFunction":2,"lastStatement":6,"seen":{"f:9:24:9:38":0,"s:10:13:10:Infinity":0,"s:11:60:12:Infinity":1,"s:13:8:13:Infinity":2,"s:15:2:15:Infinity":3,"b:15:49:15:60:15:60:15:68":0,"s:17:2:58:Infinity":4,"b:32:9:32:Infinity:33:10:35:Infinity":1,"b:38:9:38:33:38:33:38:45:38:45:38:Infinity:39:10:41:Infinity":2,"f:45:23:45:24":1,"s:46:12:46:Infinity":5,"b:50:9:50:Infinity:51:10:53:Infinity":3},"fnNames":{}}}
}
